00000000 c7fe                LGOTO    0x1; __nyc_ny8_startup=0x1
__nyc_ny8_startup:
00000001 d48e                LCALL    0x371; ___cinit_load__=0x371
00000002 c4c4                LGOTO    0x33b; _main=0x33b
crt0.o:crt0_end:
00000008 c456                LGOTO    0x3a9; _isr=0x3a9
_M1_Work:
00000009 f6bd                BTRSS    0x42, 0x2
0000000a c709                LGOTO    0xf6; Motor.o:_02081_DS_=0xf6
0000000b e2bd                BCR      0x42, 0x2
0000000c e73d                BSR      0x42, 0x1
0000000d fd4a                CLRR     0x35
0000000e fd49                CLRR     0x36
0000000f def4                MOVIA    0xb
00000010 fbb1                SUBAR    0x4e, ToAcc
00000011 f3fc                BTRSC    STATUS, C
00000012 c7da                LGOTO    0x25; Motor.o:_02042_DS_=0x25
00000013 deff                MOVIA    0x0
00000014 ff75                MOVAR    PCHBUF
00000015 feb1                MOVR     0x4e, ToAcc
00000016 dae5                ADDIA    0x1a
00000017 f3fc                BTRSC    STATUS, C
00000018 fa75                INCR     PCHBUF, ToReg
00000019 ff7d                MOVAR    PCL
Motor.o:_02138_DS_:
0000001a c7da                LGOTO    0x25; Motor.o:_02042_DS_=0x25
0000001b c7d8                LGOTO    0x27; Motor.o:_02043_DS_=0x27
0000001c c7d1                LGOTO    0x2e; Motor.o:_02044_DS_=0x2e
0000001d c7ca                LGOTO    0x35; Motor.o:_02045_DS_=0x35
0000001e c7c3                LGOTO    0x3c; Motor.o:_02046_DS_=0x3c
0000001f c7bb                LGOTO    0x44; Motor.o:_02047_DS_=0x44
00000020 c79d                LGOTO    0x62; Motor.o:_02053_DS_=0x62
00000021 c76c                LGOTO    0x93; Motor.o:_02062_DS_=0x93
00000022 c73c                LGOTO    0xc3; Motor.o:_02071_DS_=0xc3
00000023 c733                LGOTO    0xcc; Motor.o:_02072_DS_=0xcc
00000024 c72a                LGOTO    0xd5; Motor.o:_02073_DS_=0xd5
Motor.o:_02042_DS_:
00000025 defe                MOVIA    0x1
00000026 ff32                MOVAR    0x4d
Motor.o:_02043_DS_:
00000027 deec                MOVIA    0x13
00000028 ff56                MOVAR    0x29
00000029 fd55                CLRR     0x2a
0000002a def6                MOVIA    0x9
0000002b ff54                MOVAR    0x2b
0000002c fd53                CLRR     0x2c
0000002d c70a                LGOTO    0xf5; Motor.o:_02079_DS_=0xf5
Motor.o:_02044_DS_:
0000002e deec                MOVIA    0x13
0000002f ff56                MOVAR    0x29
00000030 fd55                CLRR     0x2a
00000031 def0                MOVIA    0xf
00000032 ff54                MOVAR    0x2b
00000033 fd53                CLRR     0x2c
00000034 c70a                LGOTO    0xf5; Motor.o:_02079_DS_=0xf5
Motor.o:_02045_DS_:
00000035 deec                MOVIA    0x13
00000036 ff56                MOVAR    0x29
00000037 fd55                CLRR     0x2a
00000038 deec                MOVIA    0x13
00000039 ff54                MOVAR    0x2b
0000003a fd53                CLRR     0x2c
0000003b c70a                LGOTO    0xf5; Motor.o:_02079_DS_=0xf5
Motor.o:_02046_DS_:
0000003c fd56                CLRR     0x29
0000003d defc                MOVIA    0x3
0000003e ff55                MOVAR    0x2a
0000003f de99                MOVIA    0x66
00000040 ff54                MOVAR    0x2b
00000041 defd                MOVIA    0x2
00000042 ff53                MOVAR    0x2c
00000043 c70a                LGOTO    0xf5; Motor.o:_02079_DS_=0xf5
Motor.o:_02047_DS_:
00000044 feb0                MOVR     0x4f, ToAcc
00000045 f6fc                BTRSS    STATUS, Z
00000046 c7ac                LGOTO    0x53; Motor.o:_02051_DS_=0x53
00000047 de5b                MOVIA    0xa4
00000048 ff56                MOVAR    0x29
00000049 defe                MOVIA    0x1
0000004a ff55                MOVAR    0x2a
0000004b de19                MOVIA    0xe6
0000004c ff54                MOVAR    0x2b
0000004d fd53                CLRR     0x2c
0000004e deef                MOVIA    0x10
0000004f ff04                MOVAR    0x7b
00000050 deff                MOVIA    0x0
00000051 d3c9                LCALL    0x436; _Motor_PWM_Loop1=0x436
00000052 c70a                LGOTO    0xf5; Motor.o:_02079_DS_=0xf5
Motor.o:_02051_DS_:
00000053 feb0                MOVR     0x4f, ToAcc
00000054 dbfe                XORIA    0x1
00000055 f6fc                BTRSS    STATUS, Z
00000056 c70a                LGOTO    0xf5; Motor.o:_02079_DS_=0xf5
00000057 deec                MOVIA    0x13
00000058 ff56                MOVAR    0x29
00000059 fd55                CLRR     0x2a
0000005a def5                MOVIA    0xa
0000005b ff54                MOVAR    0x2b
0000005c fd53                CLRR     0x2c
0000005d ded3                MOVIA    0x2c
0000005e ff04                MOVAR    0x7b
0000005f defe                MOVIA    0x1
00000060 d3db                LCALL    0x424; _Motor_PWM_Loop2=0x424
00000061 c70a                LGOTO    0xf5; Motor.o:_02079_DS_=0xf5
Motor.o:_02053_DS_:
00000062 feb0                MOVR     0x4f, ToAcc
00000063 f6fc                BTRSS    STATUS, Z
00000064 c78d                LGOTO    0x72; Motor.o:_02060_DS_=0x72
00000065 dee2                MOVIA    0x1d
00000066 ff56                MOVAR    0x29
00000067 def7                MOVIA    0x8
00000068 ff55                MOVAR    0x2a
00000069 def0                MOVIA    0xf
0000006a ff54                MOVAR    0x2b
0000006b defb                MOVIA    0x4
0000006c ff53                MOVAR    0x2c
0000006d defa                MOVIA    0x5
0000006e ff04                MOVAR    0x7b
0000006f deff                MOVIA    0x0
00000070 d3c9                LCALL    0x436; _Motor_PWM_Loop1=0x436
00000071 c70a                LGOTO    0xf5; Motor.o:_02079_DS_=0xf5
Motor.o:_02060_DS_:
00000072 feb0                MOVR     0x4f, ToAcc
00000073 dbfe                XORIA    0x1
00000074 f6fc                BTRSS    STATUS, Z
00000075 c77c                LGOTO    0x83; Motor.o:_02057_DS_=0x83
00000076 de8a                MOVIA    0x75
00000077 ff56                MOVAR    0x29
00000078 def9                MOVIA    0x6
00000079 ff55                MOVAR    0x2a
0000007a de98                MOVIA    0x67
0000007b ff54                MOVAR    0x2b
0000007c defd                MOVIA    0x2
0000007d ff53                MOVAR    0x2c
0000007e defa                MOVIA    0x5
0000007f ff04                MOVAR    0x7b
00000080 deff                MOVIA    0x0
00000081 d3c9                LCALL    0x436; _Motor_PWM_Loop1=0x436
00000082 c70a                LGOTO    0xf5; Motor.o:_02079_DS_=0xf5
Motor.o:_02057_DS_:
00000083 feb0                MOVR     0x4f, ToAcc
00000084 dbfd                XORIA    0x2
00000085 f6fc                BTRSS    STATUS, Z
00000086 c70a                LGOTO    0xf5; Motor.o:_02079_DS_=0xf5
00000087 de97                MOVIA    0x68
00000088 ff56                MOVAR    0x29
00000089 defe                MOVIA    0x1
0000008a ff55                MOVAR    0x2a
0000008b de42                MOVIA    0xbd
0000008c ff54                MOVAR    0x2b
0000008d fd53                CLRR     0x2c
0000008e deeb                MOVIA    0x14
0000008f ff04                MOVAR    0x7b
00000090 deff                MOVIA    0x0
00000091 d3db                LCALL    0x424; _Motor_PWM_Loop2=0x424
00000092 c70a                LGOTO    0xf5; Motor.o:_02079_DS_=0xf5
Motor.o:_02062_DS_:
00000093 feb0                MOVR     0x4f, ToAcc
00000094 f6fc                BTRSS    STATUS, Z
00000095 c75c                LGOTO    0xa3; Motor.o:_02069_DS_=0xa3
00000096 deb2                MOVIA    0x4d
00000097 ff56                MOVAR    0x29
00000098 defa                MOVIA    0x5
00000099 ff55                MOVAR    0x2a
0000009a de93                MOVIA    0x6c
0000009b ff54                MOVAR    0x2b
0000009c defb                MOVIA    0x4
0000009d ff53                MOVAR    0x2c
0000009e def5                MOVIA    0xa
0000009f ff04                MOVAR    0x7b
000000a0 deff                MOVIA    0x0
000000a1 d3c9                LCALL    0x436; _Motor_PWM_Loop1=0x436
000000a2 c70a                LGOTO    0xf5; Motor.o:_02079_DS_=0xf5
Motor.o:_02069_DS_:
000000a3 feb0                MOVR     0x4f, ToAcc
000000a4 dbfe                XORIA    0x1
000000a5 f6fc                BTRSS    STATUS, Z
000000a6 c74c                LGOTO    0xb3; Motor.o:_02066_DS_=0xb3
000000a7 defd                MOVIA    0x2
000000a8 ff56                MOVAR    0x29
000000a9 defe                MOVIA    0x1
000000aa ff55                MOVAR    0x2a
000000ab de7f                MOVIA    0x80
000000ac ff54                MOVAR    0x2b
000000ad fd53                CLRR     0x2c
000000ae defa                MOVIA    0x5
000000af ff04                MOVAR    0x7b
000000b0 deff                MOVIA    0x0
000000b1 d3c9                LCALL    0x436; _Motor_PWM_Loop1=0x436
000000b2 c70a                LGOTO    0xf5; Motor.o:_02079_DS_=0xf5
Motor.o:_02066_DS_:
000000b3 feb0                MOVR     0x4f, ToAcc
000000b4 dbfd                XORIA    0x2
000000b5 f6fc                BTRSS    STATUS, Z
000000b6 c70a                LGOTO    0xf5; Motor.o:_02079_DS_=0xf5
000000b7 de36                MOVIA    0xc9
000000b8 ff56                MOVAR    0x29
000000b9 defd                MOVIA    0x2
000000ba ff55                MOVAR    0x2a
000000bb de05                MOVIA    0xfa
000000bc ff54                MOVAR    0x2b
000000bd fd53                CLRR     0x2c
000000be def5                MOVIA    0xa
000000bf ff04                MOVAR    0x7b
000000c0 deff                MOVIA    0x0
000000c1 d3db                LCALL    0x424; _Motor_PWM_Loop2=0x424
000000c2 c70a                LGOTO    0xf5; Motor.o:_02079_DS_=0xf5
Motor.o:_02071_DS_:
000000c3 dee0                MOVIA    0x1f
000000c4 ff56                MOVAR    0x29
000000c5 def8                MOVIA    0x7
000000c6 ff55                MOVAR    0x2a
000000c7 de3f                MOVIA    0xc0
000000c8 ff54                MOVAR    0x2b
000000c9 defb                MOVIA    0x4
000000ca ff53                MOVAR    0x2c
000000cb c70a                LGOTO    0xf5; Motor.o:_02079_DS_=0xf5
Motor.o:_02072_DS_:
000000cc de43                MOVIA    0xbc
000000cd ff56                MOVAR    0x29
000000ce defd                MOVIA    0x2
000000cf ff55                MOVAR    0x2a
000000d0 debc                MOVIA    0x43
000000d1 ff54                MOVAR    0x2b
000000d2 defe                MOVIA    0x1
000000d3 ff53                MOVAR    0x2c
000000d4 c70a                LGOTO    0xf5; Motor.o:_02079_DS_=0xf5
Motor.o:_02073_DS_:
000000d5 feb0                MOVR     0x4f, ToAcc
000000d6 f6fc                BTRSS    STATUS, Z
000000d7 c71a                LGOTO    0xe5; Motor.o:_02077_DS_=0xe5
000000d8 de16                MOVIA    0xe9
000000d9 ff56                MOVAR    0x29
000000da def8                MOVIA    0x7
000000db ff55                MOVAR    0x2a
000000dc de0b                MOVIA    0xf4
000000dd ff54                MOVAR    0x2b
000000de defc                MOVIA    0x3
000000df ff53                MOVAR    0x2c
000000e0 defa                MOVIA    0x5
000000e1 ff04                MOVAR    0x7b
000000e2 deff                MOVIA    0x0
000000e3 d3c9                LCALL    0x436; _Motor_PWM_Loop1=0x436
000000e4 c70a                LGOTO    0xf5; Motor.o:_02079_DS_=0xf5
Motor.o:_02077_DS_:
000000e5 feb0                MOVR     0x4f, ToAcc
000000e6 dbfe                XORIA    0x1
000000e7 f6fc                BTRSS    STATUS, Z
000000e8 c70a                LGOTO    0xf5; Motor.o:_02079_DS_=0xf5
000000e9 de40                MOVIA    0xbf
000000ea ff56                MOVAR    0x29
000000eb defb                MOVIA    0x4
000000ec ff55                MOVAR    0x2a
000000ed dea0                MOVIA    0x5f
000000ee ff54                MOVAR    0x2b
000000ef defd                MOVIA    0x2
000000f0 ff53                MOVAR    0x2c
000000f1 def5                MOVIA    0xa
000000f2 ff04                MOVAR    0x7b
000000f3 deff                MOVIA    0x0
000000f4 d3db                LCALL    0x424; _Motor_PWM_Loop2=0x424
Motor.o:_02079_DS_:
000000f5 e73d                BSR      0x42, 0x1
Motor.o:_02081_DS_:
000000f6 f7be                BTRSS    0x41, 0x0
000000f7 c705                LGOTO    0xfa; Motor.o:_02084_DS_=0xfa
000000f8 fd58                CLRR     0x27
000000f9 fd57                CLRR     0x28
Motor.o:_02084_DS_:
000000fa ffef                RET
_TeleCon_Data_Recv:
000000fb fec5                MOVR     0x3a, ToAcc
000000fc da7f                ADDIA    0x80
000000fd da7f                ADDIA    0x80
000000fe f6fc                BTRSS    STATUS, Z
000000ff c6fd                LGOTO    0x102; Telecontrol.o:_02101_DS_=0x102
00000100 de4b                MOVIA    0xb4
00000101 fbc6                SUBAR    0x39, ToAcc
Telecontrol.o:_02101_DS_:
00000102 f3fc                BTRSC    STATUS, C
00000103 c6f7                LGOTO    0x108; Telecontrol.o:_02006_DS_=0x108
00000104 fa46                INCR     0x39, ToReg
00000105 f2fc                BTRSC    STATUS, Z
00000106 fa45                INCR     0x3a, ToReg
00000107 c6f5                LGOTO    0x10a; Telecontrol.o:_02007_DS_=0x10a
Telecontrol.o:_02006_DS_:
00000108 fd46                CLRR     0x39
00000109 fd45                CLRR     0x3a
Telecontrol.o:_02007_DS_:
0000010a fdff                CLRA
0000010b f0fa                BTRSC    PORTA, PA6
0000010c da7f                ADDIA    0x80
0000010d f33c                BTRSC    0x43, 0x1
0000010e da7f                ADDIA    0x80
0000010f f2fc                BTRSC    STATUS, Z
00000110 c671                LGOTO    0x18e; Telecontrol.o:_02039_DS_=0x18e
00000111 f0fa                BTRSC    PORTA, PA6
00000112 c6eb                LGOTO    0x114; Telecontrol.o:_00002_DS_=0x114
00000113 e33c                BCR      0x43, 0x1
Telecontrol.o:_00002_DS_:
00000114 f4fa                BTRSS    PORTA, PA6
00000115 c6e8                LGOTO    0x117; Telecontrol.o:_00003_DS_=0x117
00000116 e73c                BSR      0x43, 0x1
Telecontrol.o:_00003_DS_:
00000117 f7bb                BTRSS    0x44, 0x0
00000118 c690                LGOTO    0x16f; Telecontrol.o:_02035_DS_=0x16f
00000119 f33c                BTRSC    0x43, 0x1
0000011a c6a6                LGOTO    0x159; Telecontrol.o:_02025_DS_=0x159
0000011b e3fc                BCR      STATUS, C
0000011c eb2a                RLR      0x55, ToReg
0000011d fa29                INCR     0x56, ToReg
0000011e fec5                MOVR     0x3a, ToAcc
0000011f da7f                ADDIA    0x80
00000120 da7f                ADDIA    0x80
00000121 f6fc                BTRSS    STATUS, Z
00000122 c6da                LGOTO    0x125; Telecontrol.o:_02103_DS_=0x125
00000123 defc                MOVIA    0x3
00000124 fbc6                SUBAR    0x39, ToAcc
Telecontrol.o:_02103_DS_:
00000125 f7fc                BTRSS    STATUS, C
00000126 c6cf                LGOTO    0x130; Telecontrol.o:_02013_DS_=0x130
00000127 fec5                MOVR     0x3a, ToAcc
00000128 da7f                ADDIA    0x80
00000129 da7f                ADDIA    0x80
0000012a f6fc                BTRSS    STATUS, Z
0000012b c6d1                LGOTO    0x12e; Telecontrol.o:_02104_DS_=0x12e
0000012c def9                MOVIA    0x6
0000012d fbc6                SUBAR    0x39, ToAcc
Telecontrol.o:_02104_DS_:
0000012e f7fc                BTRSS    STATUS, C
0000012f c6b8                LGOTO    0x147; Telecontrol.o:_02014_DS_=0x147
Telecontrol.o:_02013_DS_:
00000130 fec5                MOVR     0x3a, ToAcc
00000131 da7f                ADDIA    0x80
00000132 da7f                ADDIA    0x80
00000133 f6fc                BTRSS    STATUS, Z
00000134 c6c8                LGOTO    0x137; Telecontrol.o:_02105_DS_=0x137
00000135 def6                MOVIA    0x9
00000136 fbc6                SUBAR    0x39, ToAcc
Telecontrol.o:_02105_DS_:
00000137 f7fc                BTRSS    STATUS, C
00000138 c6bb                LGOTO    0x144; Telecontrol.o:_02009_DS_=0x144
00000139 fec5                MOVR     0x3a, ToAcc
0000013a da7f                ADDIA    0x80
0000013b da7f                ADDIA    0x80
0000013c f6fc                BTRSS    STATUS, Z
0000013d c6bf                LGOTO    0x140; Telecontrol.o:_02106_DS_=0x140
0000013e def0                MOVIA    0xf
0000013f fbc6                SUBAR    0x39, ToAcc
Telecontrol.o:_02106_DS_:
00000140 f3fc                BTRSC    STATUS, C
00000141 c6bb                LGOTO    0x144; Telecontrol.o:_02009_DS_=0x144
00000142 fa2a                INCR     0x55, ToReg
00000143 c6b8                LGOTO    0x147; Telecontrol.o:_02014_DS_=0x147
Telecontrol.o:_02009_DS_:
00000144 fd29                CLRR     0x56
00000145 e3bb                BCR      0x44, 0x0
00000146 e0bb                BCR      0x44, 0x6
Telecontrol.o:_02014_DS_:
00000147 fea9                MOVR     0x56, ToAcc
00000148 dbf7                XORIA    0x8
00000149 f6fc                BTRSS    STATUS, Z
0000014a c6b0                LGOTO    0x14f; Telecontrol.o:_02019_DS_=0x14f
0000014b e6bb                BSR      0x44, 0x2
0000014c feaa                MOVR     0x55, ToAcc
0000014d ff28                MOVAR    0x57
0000014e c693                LGOTO    0x16c; Telecontrol.o:_02026_DS_=0x16c
Telecontrol.o:_02019_DS_:
0000014f fea9                MOVR     0x56, ToAcc
00000150 dbef                XORIA    0x10
00000151 f6fc                BTRSS    STATUS, Z
00000152 c693                LGOTO    0x16c; Telecontrol.o:_02026_DS_=0x16c
00000153 e63b                BSR      0x44, 0x3
00000154 feaa                MOVR     0x55, ToAcc
00000155 ff27                MOVAR    0x58
00000156 e3bb                BCR      0x44, 0x0
00000157 e0bb                BCR      0x44, 0x6
00000158 c693                LGOTO    0x16c; Telecontrol.o:_02026_DS_=0x16c
Telecontrol.o:_02025_DS_:
00000159 fec5                MOVR     0x3a, ToAcc
0000015a da7f                ADDIA    0x80
0000015b da7f                ADDIA    0x80
0000015c f6fc                BTRSS    STATUS, Z
0000015d c69f                LGOTO    0x160; Telecontrol.o:_02107_DS_=0x160
0000015e decf                MOVIA    0x30
0000015f fbc6                SUBAR    0x39, ToAcc
Telecontrol.o:_02107_DS_:
00000160 f7fc                BTRSS    STATUS, C
00000161 c693                LGOTO    0x16c; Telecontrol.o:_02026_DS_=0x16c
00000162 fec5                MOVR     0x3a, ToAcc
00000163 da7f                ADDIA    0x80
00000164 da7f                ADDIA    0x80
00000165 f6fc                BTRSS    STATUS, Z
00000166 c696                LGOTO    0x169; Telecontrol.o:_02108_DS_=0x169
00000167 deb6                MOVIA    0x49
00000168 fbc6                SUBAR    0x39, ToAcc
Telecontrol.o:_02108_DS_:
00000169 f3fc                BTRSC    STATUS, C
0000016a c693                LGOTO    0x16c; Telecontrol.o:_02026_DS_=0x16c
0000016b fd29                CLRR     0x56
Telecontrol.o:_02026_DS_:
0000016c fd46                CLRR     0x39
0000016d fd45                CLRR     0x3a
0000016e c671                LGOTO    0x18e; Telecontrol.o:_02039_DS_=0x18e
Telecontrol.o:_02035_DS_:
0000016f f33c                BTRSC    0x43, 0x1
00000170 c671                LGOTO    0x18e; Telecontrol.o:_02039_DS_=0x18e
00000171 f0bb                BTRSC    0x44, 0x6
00000172 c68a                LGOTO    0x175; Telecontrol.o:_02028_DS_=0x175
00000173 fd46                CLRR     0x39
00000174 fd45                CLRR     0x3a
Telecontrol.o:_02028_DS_:
00000175 e4bb                BSR      0x44, 0x6
00000176 fec5                MOVR     0x3a, ToAcc
00000177 da7f                ADDIA    0x80
00000178 da7f                ADDIA    0x80
00000179 f6fc                BTRSS    STATUS, Z
0000017a c682                LGOTO    0x17d; Telecontrol.o:_02109_DS_=0x17d
0000017b decf                MOVIA    0x30
0000017c fbc6                SUBAR    0x39, ToAcc
Telecontrol.o:_02109_DS_:
0000017d f7fc                BTRSS    STATUS, C
0000017e c674                LGOTO    0x18b; Telecontrol.o:_02030_DS_=0x18b
0000017f fec5                MOVR     0x3a, ToAcc
00000180 da7f                ADDIA    0x80
00000181 da7f                ADDIA    0x80
00000182 f6fc                BTRSS    STATUS, Z
00000183 c679                LGOTO    0x186; Telecontrol.o:_02110_DS_=0x186
00000184 deb6                MOVIA    0x49
00000185 fbc6                SUBAR    0x39, ToAcc
Telecontrol.o:_02110_DS_:
00000186 f3fc                BTRSC    STATUS, C
00000187 c674                LGOTO    0x18b; Telecontrol.o:_02030_DS_=0x18b
00000188 e7bb                BSR      0x44, 0x0
00000189 fd46                CLRR     0x39
0000018a fd45                CLRR     0x3a
Telecontrol.o:_02030_DS_:
0000018b fd29                CLRR     0x56
0000018c fd46                CLRR     0x39
0000018d fd45                CLRR     0x3a
Telecontrol.o:_02039_DS_:
0000018e ffef                RET
_TeleCon_Signal_Process:
0000018f f6bb                BTRSS    0x44, 0x2
00000190 c64b                LGOTO    0x1b4; Telecontrol.o:_00001_DS_=0x1b4
00000191 e2bb                BCR      0x44, 0x2
00000192 e13b                BCR      0x44, 0x5
00000193 fea8                MOVR     0x57, ToAcc
00000194 dbdb                XORIA    0x24
00000195 f2fc                BTRSC    STATUS, Z
00000196 c64b                LGOTO    0x1b4; Telecontrol.o:_00001_DS_=0x1b4
00000197 fea8                MOVR     0x57, ToAcc
00000198 db5a                XORIA    0xa5
00000199 f2fc                BTRSC    STATUS, Z
0000019a c64b                LGOTO    0x1b4; Telecontrol.o:_00001_DS_=0x1b4
0000019b fea8                MOVR     0x57, ToAcc
0000019c db19                XORIA    0xe6
0000019d f2fc                BTRSC    STATUS, Z
0000019e c64b                LGOTO    0x1b4; Telecontrol.o:_00001_DS_=0x1b4
0000019f fea8                MOVR     0x57, ToAcc
000001a0 db6b                XORIA    0x94
000001a1 f2fc                BTRSC    STATUS, Z
000001a2 c64b                LGOTO    0x1b4; Telecontrol.o:_00001_DS_=0x1b4
000001a3 fea8                MOVR     0x57, ToAcc
000001a4 dbb6                XORIA    0x49
000001a5 f2fc                BTRSC    STATUS, Z
000001a6 c64b                LGOTO    0x1b4; Telecontrol.o:_00001_DS_=0x1b4
000001a7 fea8                MOVR     0x57, ToAcc
000001a8 dbb5                XORIA    0x4a
000001a9 f2fc                BTRSC    STATUS, Z
000001aa c64b                LGOTO    0x1b4; Telecontrol.o:_00001_DS_=0x1b4
000001ab fea8                MOVR     0x57, ToAcc
000001ac db33                XORIA    0xcc
000001ad f2fc                BTRSC    STATUS, Z
000001ae c64b                LGOTO    0x1b4; Telecontrol.o:_00001_DS_=0x1b4
000001af fea8                MOVR     0x57, ToAcc
000001b0 dbd7                XORIA    0x28
000001b1 f2fc                BTRSC    STATUS, Z
000001b2 c64b                LGOTO    0x1b4; Telecontrol.o:_00001_DS_=0x1b4
000001b3 e53b                BSR      0x44, 0x5
Telecontrol.o:_00001_DS_:
000001b4 f63b                BTRSS    0x44, 0x3
000001b5 c60c                LGOTO    0x1f3; Telecontrol.o:_02143_DS_=0x1f3
000001b6 e23b                BCR      0x44, 0x3
000001b7 fea7                MOVR     0x58, ToAcc
000001b8 ff25                MOVAR    0x5a
000001b9 f13b                BTRSC    0x44, 0x5
000001ba c60c                LGOTO    0x1f3; Telecontrol.o:_02143_DS_=0x1f3
000001bb f23c                BTRSC    0x43, 0x3
000001bc c60c                LGOTO    0x1f3; Telecontrol.o:_02143_DS_=0x1f3
000001bd fea5                MOVR     0x5a, ToAcc
000001be dbe6                XORIA    0x19
000001bf f6fc                BTRSS    STATUS, Z
000001c0 c62b                LGOTO    0x1d4; Telecontrol.o:_02136_DS_=0x1d4
000001c1 e6bd                BSR      0x42, 0x2
000001c2 fa31                INCR     0x4e, ToReg
000001c3 def4                MOVIA    0xb
000001c4 fbb1                SUBAR    0x4e, ToAcc
000001c5 f7fc                BTRSS    STATUS, C
000001c6 c636                LGOTO    0x1c9; Telecontrol.o:_02127_DS_=0x1c9
000001c7 defe                MOVIA    0x1
000001c8 ff31                MOVAR    0x4e
Telecontrol.o:_02127_DS_:
000001c9 e53a                BSR      0x45, 0x5
000001ca e63c                BSR      0x43, 0x3
000001cb fd44                CLRR     0x3b
000001cc fd43                CLRR     0x3c
000001cd fd26                CLRR     0x59
000001ce de00                MOVIA    0xff
000001cf ff25                MOVAR    0x5a
000001d0 e43b                BSR      0x44, 0x7
000001d1 d3ac                LCALL    0x453; _M1_Reset=0x453
000001d2 d7f6                LCALL    0x9; _M1_Work=0x9
000001d3 c60c                LGOTO    0x1f3; Telecontrol.o:_02143_DS_=0x1f3
Telecontrol.o:_02136_DS_:
000001d4 fea5                MOVR     0x5a, ToAcc
000001d5 db24                XORIA    0xdb
000001d6 f6fc                BTRSS    STATUS, Z
000001d7 c617                LGOTO    0x1e8; Telecontrol.o:_02133_DS_=0x1e8
000001d8 e53e                BSR      0x41, 0x5
000001d9 f13a                BTRSC    0x45, 0x5
000001da c61e                LGOTO    0x1e1; Telecontrol.o:_02129_DS_=0x1e1
000001db e53a                BSR      0x45, 0x5
000001dc e6bd                BSR      0x42, 0x2
000001dd defe                MOVIA    0x1
000001de ff31                MOVAR    0x4e
000001df d3ac                LCALL    0x453; _M1_Reset=0x453
000001e0 d7f6                LCALL    0x9; _M1_Work=0x9
Telecontrol.o:_02129_DS_:
000001e1 e63c                BSR      0x43, 0x3
000001e2 fd44                CLRR     0x3b
000001e3 fd43                CLRR     0x3c
000001e4 fd26                CLRR     0x59
000001e5 de00                MOVIA    0xff
000001e6 ff25                MOVAR    0x5a
000001e7 c60c                LGOTO    0x1f3; Telecontrol.o:_02143_DS_=0x1f3
Telecontrol.o:_02133_DS_:
000001e8 fea5                MOVR     0x5a, ToAcc
000001e9 dba5                XORIA    0x5a
000001ea f6fc                BTRSS    STATUS, Z
000001eb c60c                LGOTO    0x1f3; Telecontrol.o:_02143_DS_=0x1f3
000001ec e63c                BSR      0x43, 0x3
000001ed fd44                CLRR     0x3b
000001ee fd43                CLRR     0x3c
000001ef fd26                CLRR     0x59
000001f0 de00                MOVIA    0xff
000001f1 ff25                MOVAR    0x5a
000001f2 d396                LCALL    0x469; _StandBy_Mode=0x469
Telecontrol.o:_02143_DS_:
000001f3 ffef                RET
_Clock:
000001f4 def5                MOVIA    0xa
000001f5 fbb9                SUBAR    0x46, ToAcc
000001f6 f7fc                BTRSS    STATUS, C
000001f7 c5b7                LGOTO    0x248; Clock.o:_02030_DS_=0x248
000001f8 fd39                CLRR     0x46
000001f9 fa38                INCR     0x47, ToReg
000001fa fa2e                INCR     0x51, ToReg
000001fb fa35                INCR     0x4a, ToReg
000001fc fa24                INCR     0x5b, ToReg
000001fd f43b                BTRSS    0x44, 0x7
000001fe c5fc                LGOTO    0x203; Clock.o:_02006_DS_=0x203
000001ff fa42                INCR     0x3d, ToReg
00000200 f2fc                BTRSC    STATUS, Z
00000201 fa41                INCR     0x3e, ToReg
00000202 c5fa                LGOTO    0x205; Clock.o:_02007_DS_=0x205
Clock.o:_02006_DS_:
00000203 fd42                CLRR     0x3d
00000204 fd41                CLRR     0x3e
Clock.o:_02007_DS_:
00000205 def5                MOVIA    0xa
00000206 fbb8                SUBAR    0x47, ToAcc
00000207 f7fc                BTRSS    STATUS, C
00000208 c5b7                LGOTO    0x248; Clock.o:_02030_DS_=0x248
00000209 fd38                CLRR     0x47
0000020a fa37                INCR     0x48, ToReg
0000020b f63c                BTRSS    0x43, 0x3
0000020c c5e5                LGOTO    0x21a; Clock.o:_02011_DS_=0x21a
0000020d fa44                INCR     0x3b, ToReg
0000020e f2fc                BTRSC    STATUS, Z
0000020f fa43                INCR     0x3c, ToReg
00000210 fec3                MOVR     0x3c, ToAcc
00000211 da7f                ADDIA    0x80
00000212 da7f                ADDIA    0x80
00000213 f6fc                BTRSS    STATUS, Z
00000214 c5e8                LGOTO    0x217; Clock.o:_02080_DS_=0x217
00000215 dec8                MOVIA    0x37
00000216 fbc4                SUBAR    0x3b, ToAcc
Clock.o:_02080_DS_:
00000217 f7fc                BTRSS    STATUS, C
00000218 c5e5                LGOTO    0x21a; Clock.o:_02011_DS_=0x21a
00000219 e23c                BCR      0x43, 0x3
Clock.o:_02011_DS_:
0000021a fa58                INCR     0x27, ToReg
0000021b f2fc                BTRSC    STATUS, Z
0000021c fa57                INCR     0x28, ToReg
0000021d f63a                BTRSS    0x45, 0x3
0000021e c5df                LGOTO    0x220; Clock.o:_00001_DS_=0x220
0000021f fa2c                INCR     0x53, ToReg
Clock.o:_00001_DS_:
00000220 f53e                BTRSS    0x41, 0x5
00000221 c5dc                LGOTO    0x223; Clock.o:_00002_DS_=0x223
00000222 fa33                INCR     0x4c, ToReg
Clock.o:_00002_DS_:
00000223 def5                MOVIA    0xa
00000224 fbb7                SUBAR    0x48, ToAcc
00000225 f7fc                BTRSS    STATUS, C
00000226 c5b7                LGOTO    0x248; Clock.o:_02030_DS_=0x248
00000227 fa2f                INCR     0x50, ToReg
00000228 fa23                INCR     0x5c, ToReg
00000229 fd37                CLRR     0x48
0000022a fa36                INCR     0x49, ToReg
0000022b def5                MOVIA    0xa
0000022c fbb6                SUBAR    0x49, ToAcc
0000022d f7fc                BTRSS    STATUS, C
0000022e c5b7                LGOTO    0x248; Clock.o:_02030_DS_=0x248
0000022f fd36                CLRR     0x49
00000230 fa2d                INCR     0x52, ToReg
00000231 f4bd                BTRSS    0x42, 0x6
00000232 c5c9                LGOTO    0x236; Clock.o:_02017_DS_=0x236
00000233 fa48                INCR     0x37, ToReg
00000234 f2fc                BTRSC    STATUS, Z
00000235 fa47                INCR     0x38, ToReg
Clock.o:_02017_DS_:
00000236 f53c                BTRSS    0x43, 0x5
00000237 c5b7                LGOTO    0x248; Clock.o:_02030_DS_=0x248
00000238 fa40                INCR     0x3f, ToReg
00000239 f2fc                BTRSC    STATUS, Z
0000023a fa3f                INCR     0x40, ToReg
0000023b febf                MOVR     0x40, ToAcc
0000023c da7f                ADDIA    0x80
0000023d da86                ADDIA    0x79
0000023e f6fc                BTRSS    STATUS, Z
0000023f c5bd                LGOTO    0x242; Clock.o:_02081_DS_=0x242
00000240 dee3                MOVIA    0x1c
00000241 fbc0                SUBAR    0x3f, ToAcc
Clock.o:_02081_DS_:
00000242 f7fc                BTRSS    STATUS, C
00000243 c5b7                LGOTO    0x248; Clock.o:_02030_DS_=0x248
00000244 e13c                BCR      0x43, 0x5
00000245 fd40                CLRR     0x3f
00000246 fd3f                CLRR     0x40
00000247 d3b7                LCALL    0x448; _Power_Off=0x448
Clock.o:_02030_DS_:
00000248 ffef                RET
_Key_Scan:
00000249 f67a                BTRSS    PORTA, PA3
0000024a c5af                LGOTO    0x250; Key.o:_02010_DS_=0x250
0000024b f73e                BTRSS    0x41, 0x1
0000024c c5ab                LGOTO    0x254; Key.o:_02011_DS_=0x254
0000024d e33e                BCR      0x41, 0x1
0000024e fd35                CLRR     0x4a
0000024f c5ab                LGOTO    0x254; Key.o:_02011_DS_=0x254
Key.o:_02010_DS_:
00000250 f33e                BTRSC    0x41, 0x1
00000251 c5ab                LGOTO    0x254; Key.o:_02011_DS_=0x254
00000252 e73e                BSR      0x41, 0x1
00000253 fd35                CLRR     0x4a
Key.o:_02011_DS_:
00000254 ded7                MOVIA    0x28
00000255 fbb5                SUBAR    0x4a, ToAcc
00000256 f7fc                BTRSS    STATUS, C
00000257 c59b                LGOTO    0x264; Key.o:_02020_DS_=0x264
00000258 f73e                BTRSS    0x41, 0x1
00000259 c5a3                LGOTO    0x25c; Key.o:_02013_DS_=0x25c
0000025a e6be                BSR      0x41, 0x2
0000025b c5a2                LGOTO    0x25d; Key.o:_02014_DS_=0x25d
Key.o:_02013_DS_:
0000025c e2be                BCR      0x41, 0x2
Key.o:_02014_DS_:
0000025d f6be                BTRSS    0x41, 0x2
0000025e c59c                LGOTO    0x263; Key.o:_02018_DS_=0x263
0000025f ded8                MOVIA    0x27
00000260 fbb4                SUBAR    0x4b, ToAcc
00000261 f7fc                BTRSS    STATUS, C
00000262 fa34                INCR     0x4b, ToReg
Key.o:_02018_DS_:
00000263 fd35                CLRR     0x4a
Key.o:_02020_DS_:
00000264 f2be                BTRSC    0x41, 0x2
00000265 c57a                LGOTO    0x285; Key.o:_02033_DS_=0x285
00000266 feb4                MOVR     0x4b, ToAcc
00000267 f2fc                BTRSC    STATUS, Z
00000268 c57a                LGOTO    0x285; Key.o:_02033_DS_=0x285
00000269 ded9                MOVIA    0x26
0000026a fbb4                SUBAR    0x4b, ToAcc
0000026b f3fc                BTRSC    STATUS, C
0000026c c57b                LGOTO    0x284; Key.o:_02028_DS_=0x284
0000026d f7be                BTRSS    0x41, 0x0
0000026e c57b                LGOTO    0x284; Key.o:_02028_DS_=0x284
0000026f e53e                BSR      0x41, 0x5
00000270 f53c                BTRSS    0x43, 0x5
00000271 c587                LGOTO    0x278; Key.o:_02025_DS_=0x278
00000272 e13c                BCR      0x43, 0x5
00000273 e53e                BSR      0x41, 0x5
00000274 e6bd                BSR      0x42, 0x2
00000275 defe                MOVIA    0x1
00000276 ff31                MOVAR    0x4e
00000277 c57d                LGOTO    0x282; Key.o:_02026_DS_=0x282
Key.o:_02025_DS_:
00000278 e53e                BSR      0x41, 0x5
00000279 e6bd                BSR      0x42, 0x2
0000027a def5                MOVIA    0xa
0000027b fbb1                SUBAR    0x4e, ToAcc
0000027c f7fc                BTRSS    STATUS, C
0000027d c57e                LGOTO    0x281; Key.o:_02022_DS_=0x281
0000027e defe                MOVIA    0x1
0000027f ff31                MOVAR    0x4e
00000280 c57d                LGOTO    0x282; Key.o:_02026_DS_=0x282
Key.o:_02022_DS_:
00000281 fa31                INCR     0x4e, ToReg
Key.o:_02026_DS_:
00000282 d3ac                LCALL    0x453; _M1_Reset=0x453
00000283 d7f6                LCALL    0x9; _M1_Work=0x9
Key.o:_02028_DS_:
00000284 fd34                CLRR     0x4b
Key.o:_02033_DS_:
00000285 feb4                MOVR     0x4b, ToAcc
00000286 dbd9                XORIA    0x26
00000287 f6fc                BTRSS    STATUS, Z
00000288 c56a                LGOTO    0x295; Key.o:_02039_DS_=0x295
00000289 fa34                INCR     0x4b, ToReg
0000028a f7be                BTRSS    0x41, 0x0
0000028b c571                LGOTO    0x28e; Key.o:_02035_DS_=0x28e
0000028c d3b7                LCALL    0x448; _Power_Off=0x448
0000028d c56a                LGOTO    0x295; Key.o:_02039_DS_=0x295
Key.o:_02035_DS_:
0000028e e7be                BSR      0x41, 0x0
0000028f e2fa                BCR      PORTA, PA2
00000290 e07a                BCR      PORTA, PA7
00000291 e5ba                BSR      0x45, 0x4
00000292 fd4a                CLRR     0x35
00000293 fd49                CLRR     0x36
00000294 d396                LCALL    0x469; _StandBy_Mode=0x469
Key.o:_02039_DS_:
00000295 ffef                RET
_M1_Work_Processs:
00000296 f5ba                BTRSS    0x45, 0x4
00000297 c557                LGOTO    0x2a8; Motor.o:_02022_DS_=0x2a8
00000298 fa4a                INCR     0x35, ToReg
00000299 f2fc                BTRSC    STATUS, Z
0000029a fa49                INCR     0x36, ToReg
0000029b e5fa                BSR      PORTA, PA4
0000029c feca                MOVR     0x35, ToAcc
0000029d db2f                XORIA    0xd0
0000029e f6fc                BTRSS    STATUS, Z
0000029f c557                LGOTO    0x2a8; Motor.o:_02022_DS_=0x2a8
000002a0 fec9                MOVR     0x36, ToAcc
000002a1 dbf8                XORIA    0x7
000002a2 f6fc                BTRSS    STATUS, Z
000002a3 c557                LGOTO    0x2a8; Motor.o:_02022_DS_=0x2a8
000002a4 fd4a                CLRR     0x35
000002a5 fd49                CLRR     0x36
000002a6 e1ba                BCR      0x45, 0x4
000002a7 e1fa                BCR      PORTA, PA4
Motor.o:_02022_DS_:
000002a8 f73d                BTRSS    0x42, 0x1
000002a9 c52e                LGOTO    0x2d1; Motor.o:_00001_DS_=0x2d1
000002aa fa4a                INCR     0x35, ToReg
000002ab f2fc                BTRSC    STATUS, Z
000002ac fa49                INCR     0x36, ToReg
000002ad fed2                MOVR     0x2d, ToAcc
000002ae edca                XORAR    0x35, ToAcc
000002af f6fc                BTRSS    STATUS, Z
000002b0 c537                LGOTO    0x2c8; Motor.o:_02029_DS_=0x2c8
000002b1 fed1                MOVR     0x2e, ToAcc
000002b2 edc9                XORAR    0x36, ToAcc
000002b3 f6fc                BTRSS    STATUS, Z
000002b4 c537                LGOTO    0x2c8; Motor.o:_02029_DS_=0x2c8
000002b5 fd4a                CLRR     0x35
000002b6 fd49                CLRR     0x36
000002b7 fecf                MOVR     0x30, ToAcc
000002b8 eed0                IORAR    0x2f, ToAcc
000002b9 f2fc                BTRSC    STATUS, Z
000002ba c542                LGOTO    0x2bd; Motor.o:_02024_DS_=0x2bd
000002bb e5fa                BSR      PORTA, PA4
000002bc c541                LGOTO    0x2be; Motor.o:_02025_DS_=0x2be
Motor.o:_02024_DS_:
000002bd e1fa                BCR      PORTA, PA4
Motor.o:_02025_DS_:
000002be fed6                MOVR     0x29, ToAcc
000002bf ff52                MOVAR    0x2d
000002c0 fed5                MOVR     0x2a, ToAcc
000002c1 ff51                MOVAR    0x2e
000002c2 fed4                MOVR     0x2b, ToAcc
000002c3 ff50                MOVAR    0x2f
000002c4 fed3                MOVR     0x2c, ToAcc
000002c5 ff4f                MOVAR    0x30
000002c6 e6bd                BSR      0x42, 0x2
000002c7 c52e                LGOTO    0x2d1; Motor.o:_00001_DS_=0x2d1
Motor.o:_02029_DS_:
000002c8 fed0                MOVR     0x2f, ToAcc
000002c9 edca                XORAR    0x35, ToAcc
000002ca f6fc                BTRSS    STATUS, Z
000002cb c52e                LGOTO    0x2d1; Motor.o:_00001_DS_=0x2d1
000002cc fecf                MOVR     0x30, ToAcc
000002cd edc9                XORAR    0x36, ToAcc
000002ce f6fc                BTRSS    STATUS, Z
000002cf c52e                LGOTO    0x2d1; Motor.o:_00001_DS_=0x2d1
000002d0 e1fa                BCR      PORTA, PA4
Motor.o:_00001_DS_:
000002d1 ffef                RET
_Charge_Process:
000002d2 fec7                MOVR     0x38, ToAcc
000002d3 da7f                ADDIA    0x80
000002d4 daa9                ADDIA    0x56
000002d5 f6fc                BTRSS    STATUS, Z
000002d6 c526                LGOTO    0x2d9; Charge.o:_02072_DS_=0x2d9
000002d7 deb1                MOVIA    0x4e
000002d8 fbc8                SUBAR    0x37, ToAcc
Charge.o:_02072_DS_:
000002d9 f7fc                BTRSS    STATUS, C
000002da c51c                LGOTO    0x2e3; Charge.o:_02019_DS_=0x2e3
000002db fd2d                CLRR     0x52
000002dc e53d                BSR      0x42, 0x5
000002dd e7bc                BSR      0x43, 0x0
000002de de1b                MOVIA    0xe4
000002df ff48                MOVAR    0x37
000002e0 ded5                MOVIA    0x2a
000002e1 ff47                MOVAR    0x38
000002e2 c4fa                LGOTO    0x305; Charge.o:_02038_DS_=0x305
Charge.o:_02019_DS_:
000002e3 f3be                BTRSC    0x41, 0x0
000002e4 d3b7                LCALL    0x448; _Power_Off=0x448
Charge.o:_02021_DS_:
000002e5 f67a                BTRSS    PORTA, PA3
000002e6 c50c                LGOTO    0x2f3; Charge.o:_02036_DS_=0x2f3
000002e7 f53d                BTRSS    0x42, 0x5
000002e8 c513                LGOTO    0x2ec; Charge.o:_02025_DS_=0x2ec
000002e9 fd2d                CLRR     0x52
000002ea e7bc                BSR      0x43, 0x0
000002eb c4fa                LGOTO    0x305; Charge.o:_02038_DS_=0x305
Charge.o:_02025_DS_:
000002ec defa                MOVIA    0x5
000002ed fbad                SUBAR    0x52, ToAcc
000002ee f7fc                BTRSS    STATUS, C
000002ef c4fa                LGOTO    0x305; Charge.o:_02038_DS_=0x305
000002f0 fd2d                CLRR     0x52
000002f1 e53d                BSR      0x42, 0x5
000002f2 c4fa                LGOTO    0x305; Charge.o:_02038_DS_=0x305
Charge.o:_02036_DS_:
000002f3 f53d                BTRSS    0x42, 0x5
000002f4 c502                LGOTO    0x2fd; Charge.o:_02033_DS_=0x2fd
000002f5 defa                MOVIA    0x5
000002f6 fbad                SUBAR    0x52, ToAcc
000002f7 f7fc                BTRSS    STATUS, C
000002f8 c4fa                LGOTO    0x305; Charge.o:_02038_DS_=0x305
000002f9 fd2d                CLRR     0x52
000002fa fd2f                CLRR     0x50
000002fb e13d                BCR      0x42, 0x5
000002fc c4fa                LGOTO    0x305; Charge.o:_02038_DS_=0x305
Charge.o:_02033_DS_:
000002fd f53a                BTRSS    0x45, 0x5
000002fe c4fc                LGOTO    0x303; Charge.o:_02030_DS_=0x303
000002ff fd2d                CLRR     0x52
00000300 e53d                BSR      0x42, 0x5
00000301 e7bc                BSR      0x43, 0x0
00000302 c4fa                LGOTO    0x305; Charge.o:_02038_DS_=0x305
Charge.o:_02030_DS_:
00000303 fd2d                CLRR     0x52
00000304 e3bc                BCR      0x43, 0x0
Charge.o:_02038_DS_:
00000305 ffef                RET
_LED:
00000306 f3be                BTRSC    0x41, 0x0
00000307 c4f3                LGOTO    0x30c; LED.o:_02025_DS_=0x30c
00000308 f0bd                BTRSC    0x42, 0x6
00000309 c4f3                LGOTO    0x30c; LED.o:_02025_DS_=0x30c
0000030a e6fa                BSR      PORTA, PA2
0000030b c4c5                LGOTO    0x33a; LED.o:_02028_DS_=0x33a
LED.o:_02025_DS_:
0000030c f43d                BTRSS    0x42, 0x7
0000030d c4e6                LGOTO    0x319; LED.o:_02021_DS_=0x319
0000030e f3bc                BTRSC    0x43, 0x0
0000030f c4e6                LGOTO    0x319; LED.o:_02021_DS_=0x319
00000310 defa                MOVIA    0x5
00000311 fbaf                SUBAR    0x50, ToAcc
00000312 f7fc                BTRSS    STATUS, C
00000313 c4c5                LGOTO    0x33a; LED.o:_02028_DS_=0x33a
00000314 fd2f                CLRR     0x50
00000315 fefa                MOVR     PORTA, ToAcc
00000316 dbfb                XORIA    0x4
00000317 ff7a                MOVAR    PORTA
00000318 c4c5                LGOTO    0x33a; LED.o:_02028_DS_=0x33a
LED.o:_02021_DS_:
00000319 f43d                BTRSS    0x42, 0x7
0000031a c4e0                LGOTO    0x31f; LED.o:_02017_DS_=0x31f
0000031b f7bc                BTRSS    0x43, 0x0
0000031c c4e0                LGOTO    0x31f; LED.o:_02017_DS_=0x31f
0000031d e2fa                BCR      PORTA, PA2
0000031e c4c5                LGOTO    0x33a; LED.o:_02028_DS_=0x33a
LED.o:_02017_DS_:
0000031f f53e                BTRSS    0x41, 0x5
00000320 c4d5                LGOTO    0x32a; LED.o:_02014_DS_=0x32a
00000321 e6fa                BSR      PORTA, PA2
00000322 deeb                MOVIA    0x14
00000323 fbb3                SUBAR    0x4c, ToAcc
00000324 f7fc                BTRSS    STATUS, C
00000325 c4c5                LGOTO    0x33a; LED.o:_02028_DS_=0x33a
00000326 fd33                CLRR     0x4c
00000327 e2fa                BCR      PORTA, PA2
00000328 e13e                BCR      0x41, 0x5
00000329 c4c5                LGOTO    0x33a; LED.o:_02028_DS_=0x33a
LED.o:_02014_DS_:
0000032a f43b                BTRSS    0x44, 0x7
0000032b c4c5                LGOTO    0x33a; LED.o:_02028_DS_=0x33a
0000032c e6fa                BSR      PORTA, PA2
0000032d fec1                MOVR     0x3e, ToAcc
0000032e da7f                ADDIA    0x80
0000032f da7f                ADDIA    0x80
00000330 f6fc                BTRSS    STATUS, Z
00000331 c4cb                LGOTO    0x334; LED.o:_02074_DS_=0x334
00000332 de37                MOVIA    0xc8
00000333 fbc2                SUBAR    0x3d, ToAcc
LED.o:_02074_DS_:
00000334 f7fc                BTRSS    STATUS, C
00000335 c4c5                LGOTO    0x33a; LED.o:_02028_DS_=0x33a
00000336 fd42                CLRR     0x3d
00000337 fd41                CLRR     0x3e
00000338 e2fa                BCR      PORTA, PA2
00000339 e03b                BCR      0x44, 0x7
LED.o:_02028_DS_:
0000033a ffef                RET
_main:
0000033b d3f5                LCALL    0x40a; _Init=0x40a
main.o:_02024_DS_:
0000033c fffd                CLRWDT
0000033d d409                LCALL    0x3f6; _Charge_Detect=0x3f6
0000033e f4bd                BTRSS    0x42, 0x6
0000033f c4bc                LGOTO    0x343; main.o:_02021_DS_=0x343
00000340 d52d                LCALL    0x2d2; _Charge_Process=0x2d2
00000341 d3a1                LCALL    0x45e; _Battery_Voltage_Detect=0x45e
00000342 c491                LGOTO    0x36e; main.o:_02022_DS_=0x36e
main.o:_02021_DS_:
00000343 d670                LCALL    0x18f; _TeleCon_Signal_Process=0x18f
00000344 d5b6                LCALL    0x249; _Key_Scan=0x249
00000345 d7f6                LCALL    0x9; _M1_Work=0x9
00000346 d3a1                LCALL    0x45e; _Battery_Voltage_Detect=0x45e
00000347 fed7                MOVR     0x28, ToAcc
00000348 da7f                ADDIA    0x80
00000349 da7f                ADDIA    0x80
0000034a f6fc                BTRSS    STATUS, Z
0000034b c4b1                LGOTO    0x34e; main.o:_02048_DS_=0x34e
0000034c de23                MOVIA    0xdc
0000034d fbd8                SUBAR    0x27, ToAcc
main.o:_02048_DS_:
0000034e f7fc                BTRSS    STATUS, C
0000034f c491                LGOTO    0x36e; main.o:_02022_DS_=0x36e
00000350 fd58                CLRR     0x27
00000351 fd57                CLRR     0x28
00000352 deaf                MOVIA    0x50
00000353 ff77                MOVAR    PCON
00000354 def3                MOVIA    0xc
00000355 fff1                IOST     CMPCR
00000356 fdff                CLRA
00000357 ffbe                SFUN     T1CR1
00000358 ffec                DISI
00000359 de02                MOVIA    0xfd
0000035a ff70                MOVAR    INTF
0000035b defd                MOVIA    0x2
0000035c ff71                MOVAR    INTE
0000035d f67a                BTRSS    PORTA, PA3
0000035e c49c                LGOTO    0x363; main.o:_02016_DS_=0x363
0000035f f17a                BTRSC    PORTA, PA5
00000360 c49c                LGOTO    0x363; main.o:_02016_DS_=0x363
00000361 e6fa                BSR      PORTA, PA2
00000362 fffe                SLEEP
main.o:_02016_DS_:
00000363 ffff                NOP
00000364 ffff                NOP
00000365 defc                MOVIA    0x3
00000366 ffbe                SFUN     T1CR1
00000367 def5                MOVIA    0xa
00000368 fff1                IOST     CMPCR
00000369 de07                MOVIA    0xf8
0000036a ff77                MOVAR    PCON
0000036b deb7                MOVIA    0x48
0000036c ff71                MOVAR    INTE
0000036d fffb                ENI
main.o:_02022_DS_:
0000036e d4f9                LCALL    0x306; _LED=0x306
0000036f c4c3                LGOTO    0x33c; main.o:_02024_DS_=0x33c
00000370 ffef                RET
___cinit_load__:
___cinit_run__:
00000371 e0fc                BCR      STATUS, BK0
00000372 fd3e                CLRR     0x41
00000373 fd3d                CLRR     0x42
00000374 fd3c                CLRR     0x43
00000375 fd3b                CLRR     0x44
00000376 fd3a                CLRR     0x45
00000377 fd39                CLRR     0x46
00000378 fd38                CLRR     0x47
00000379 fd37                CLRR     0x48
0000037a fd36                CLRR     0x49
0000037b fd58                CLRR     0x27
0000037c fd57                CLRR     0x28
0000037d fd35                CLRR     0x4a
0000037e fd34                CLRR     0x4b
0000037f fd33                CLRR     0x4c
00000380 fd56                CLRR     0x29
00000381 fd55                CLRR     0x2a
00000382 fd54                CLRR     0x2b
00000383 fd53                CLRR     0x2c
00000384 fd32                CLRR     0x4d
00000385 fd52                CLRR     0x2d
00000386 fd51                CLRR     0x2e
00000387 fd50                CLRR     0x2f
00000388 fd4f                CLRR     0x30
00000389 fd31                CLRR     0x4e
0000038a fd30                CLRR     0x4f
0000038b fd4e                CLRR     0x31
0000038c fd4d                CLRR     0x32
0000038d fd4c                CLRR     0x33
0000038e fd4b                CLRR     0x34
0000038f fd4a                CLRR     0x35
00000390 fd49                CLRR     0x36
00000391 fd2f                CLRR     0x50
00000392 fd2e                CLRR     0x51
00000393 fd2d                CLRR     0x52
00000394 fd2c                CLRR     0x53
00000395 fd2b                CLRR     0x54
00000396 fd48                CLRR     0x37
00000397 fd47                CLRR     0x38
00000398 fd2a                CLRR     0x55
00000399 fd46                CLRR     0x39
0000039a fd45                CLRR     0x3a
0000039b fd29                CLRR     0x56
0000039c fd28                CLRR     0x57
0000039d fd27                CLRR     0x58
0000039e fd26                CLRR     0x59
0000039f fd25                CLRR     0x5a
000003a0 fd44                CLRR     0x3b
000003a1 fd43                CLRR     0x3c
000003a2 fd42                CLRR     0x3d
000003a3 fd41                CLRR     0x3e
000003a4 fd24                CLRR     0x5b
000003a5 fd23                CLRR     0x5c
000003a6 fd40                CLRR     0x3f
000003a7 fd3f                CLRR     0x40
000003a8 ffef                RET
_isr:
main.o:__sdcc_interrupt:
000003a9 ff02                MOVAR    0x7d
000003aa eafc                SWAPR    STATUS, ToAcc
000003ab fd7c                CLRR     STATUS
000003ac ff01                MOVAR    0x7e
000003ad fef5                MOVR     PCHBUF, ToAcc
000003ae fd75                CLRR     PCHBUF
000003af ff00                MOVAR    0x7f
000003b0 fefb                MOVR     FSR, ToAcc
000003b1 ff5b                MOVAR    0x24
000003b2 fe84                MOVR     0x7b, ToAcc
000003b3 ff5a                MOVAR    0x25
000003b4 fe83                MOVR     0x7c, ToAcc
000003b5 ff59                MOVAR    0x26
000003b6 f670                BTRSS    INTF, T1IF
000003b7 c43b                LGOTO    0x3c4; main.o:_02010_DS_=0x3c4
000003b8 de08                MOVIA    0xf7
000003b9 ff70                MOVAR    INTF
000003ba fa39                INCR     0x46, ToReg
000003bb d60b                LCALL    0x1f4; _Clock=0x1f4
000003bc d569                LCALL    0x296; _M1_Work_Processs=0x296
000003bd d704                LCALL    0xfb; _TeleCon_Data_Recv=0xfb
000003be f3be                BTRSC    0x41, 0x0
000003bf c43d                LGOTO    0x3c2; main.o:_02005_DS_=0x3c2
000003c0 f4bd                BTRSS    0x42, 0x6
000003c1 c43b                LGOTO    0x3c4; main.o:_02010_DS_=0x3c4
main.o:_02005_DS_:
000003c2 fd58                CLRR     0x27
000003c3 fd57                CLRR     0x28
main.o:_02010_DS_:
000003c4 fed9                MOVR     0x26, ToAcc
000003c5 ff03                MOVAR    0x7c
000003c6 feda                MOVR     0x25, ToAcc
000003c7 ff04                MOVAR    0x7b
000003c8 fedb                MOVR     0x24, ToAcc
000003c9 ff7b                MOVAR    FSR
000003ca fe80                MOVR     0x7f, ToAcc
000003cb ff75                MOVAR    PCHBUF
000003cc fd7c                CLRR     STATUS
000003cd ea81                SWAPR    0x7e, ToAcc
000003ce ff7c                MOVAR    STATUS
000003cf ea02                SWAPR    0x7d, ToReg
000003d0 ea82                SWAPR    0x7d, ToAcc
main.o:END_OF_INTERRUPT:
000003d1 ffee                RETIE
_Low_Voltage_Process:
000003d2 ffe0                IOSTR    PCON1
000003d3 ff5c                MOVAR    0x23
000003d4 f0dc                BTRSC    0x23, 0x6
000003d5 c423                LGOTO    0x3dc; Power_Manage.o:_02055_DS_=0x3dc
000003d6 ded7                MOVIA    0x28
000003d7 fba4                SUBAR    0x5b, ToAcc
000003d8 f7fc                BTRSS    STATUS, C
000003d9 c422                LGOTO    0x3dd; Power_Manage.o:_02056_DS_=0x3dd
000003da e63a                BSR      0x45, 0x3
000003db c422                LGOTO    0x3dd; Power_Manage.o:_02056_DS_=0x3dd
Power_Manage.o:_02055_DS_:
000003dc fd24                CLRR     0x5b
Power_Manage.o:_02056_DS_:
000003dd f63a                BTRSS    0x45, 0x3
000003de c40b                LGOTO    0x3f4; Power_Manage.o:_02064_DS_=0x3f4
000003df def5                MOVIA    0xa
000003e0 fba3                SUBAR    0x5c, ToAcc
000003e1 f7fc                BTRSS    STATUS, C
000003e2 c40a                LGOTO    0x3f5; Power_Manage.o:_02066_DS_=0x3f5
000003e3 d396                LCALL    0x469; _StandBy_Mode=0x469
000003e4 dee6                MOVIA    0x19
000003e5 fbac                SUBAR    0x53, ToAcc
000003e6 f7fc                BTRSS    STATUS, C
000003e7 c40a                LGOTO    0x3f5; Power_Manage.o:_02066_DS_=0x3f5
000003e8 fd2c                CLRR     0x53
000003e9 fefa                MOVR     PORTA, ToAcc
000003ea dbfb                XORIA    0x4
000003eb ff7a                MOVAR    PORTA
000003ec fa2b                INCR     0x54, ToReg
000003ed def4                MOVIA    0xb
000003ee fbab                SUBAR    0x54, ToAcc
000003ef f7fc                BTRSS    STATUS, C
000003f0 c40a                LGOTO    0x3f5; Power_Manage.o:_02066_DS_=0x3f5
000003f1 fd2b                CLRR     0x54
000003f2 d3b7                LCALL    0x448; _Power_Off=0x448
000003f3 c40a                LGOTO    0x3f5; Power_Manage.o:_02066_DS_=0x3f5
Power_Manage.o:_02064_DS_:
000003f4 fd23                CLRR     0x5c
Power_Manage.o:_02066_DS_:
000003f5 ffef                RET
_Charge_Detect:
000003f6 f57a                BTRSS    PORTA, PA5
000003f7 c3fc                LGOTO    0x403; Charge.o:_02011_DS_=0x403
000003f8 f4bd                BTRSS    0x42, 0x6
000003f9 c403                LGOTO    0x3fc; Charge.o:_02008_DS_=0x3fc
000003fa e43d                BSR      0x42, 0x7
000003fb c3f6                LGOTO    0x409; Charge.o:_02013_DS_=0x409
Charge.o:_02008_DS_:
000003fc ded7                MOVIA    0x28
000003fd fbae                SUBAR    0x51, ToAcc
000003fe f7fc                BTRSS    STATUS, C
000003ff c3f6                LGOTO    0x409; Charge.o:_02013_DS_=0x409
00000400 fd2e                CLRR     0x51
00000401 e4bd                BSR      0x42, 0x6
00000402 c3f6                LGOTO    0x409; Charge.o:_02013_DS_=0x409
Charge.o:_02011_DS_:
00000403 e0bd                BCR      0x42, 0x6
00000404 fd2e                CLRR     0x51
00000405 e3bc                BCR      0x43, 0x0
00000406 fd48                CLRR     0x37
00000407 fd47                CLRR     0x38
00000408 e03d                BCR      0x42, 0x7
Charge.o:_02013_DS_:
00000409 ffef                RET
_Init:
0000040a fdff                CLRA
0000040b fff0                IOST     PCON1
0000040c de07                MOVIA    0xf8
0000040d ff77                MOVAR    PCON
0000040e def5                MOVIA    0xa
0000040f fff1                IOST     CMPCR
00000410 de97                MOVIA    0x68
00000411 fffa                IOST     IOSTA
00000412 de7b                MOVIA    0x84
00000413 ff7a                MOVAR    PORTA
00000414 de08                MOVIA    0xf7
00000415 fff6                IOST     APHCON
00000416 fd66                CLRR     TMRH
00000417 de37                MOVIA    0xc8
00000418 ffbf                SFUN     TMR1
00000419 defc                MOVIA    0x3
0000041a ffbe                SFUN     T1CR1
0000041b def7                MOVIA    0x8
0000041c ffbd                SFUN     T1CR2
0000041d ded7                MOVIA    0x28
0000041e ff6a                MOVAR    AWUCON
0000041f fd76                CLRR     BWUCON
00000420 e671                BSR      INTE, T1IE
00000421 fd70                CLRR     INTF
00000422 fffb                ENI
00000423 ffef                RET
_Motor_PWM_Loop2:
00000424 ff5e                MOVAR    0x21
00000425 fe84                MOVR     0x7b, ToAcc
00000426 ff5f                MOVAR    0x20
00000427 fa4e                INCR     0x31, ToReg
00000428 f2fc                BTRSC    STATUS, Z
00000429 fa4d                INCR     0x32, ToReg
0000042a fedf                MOVR     0x20, ToAcc
0000042b edce                XORAR    0x31, ToAcc
0000042c f6fc                BTRSS    STATUS, Z
0000042d c3ca                LGOTO    0x435; Motor.o:_02014_DS_=0x435
0000042e fede                MOVR     0x21, ToAcc
0000042f edcd                XORAR    0x32, ToAcc
00000430 f6fc                BTRSS    STATUS, Z
00000431 c3ca                LGOTO    0x435; Motor.o:_02014_DS_=0x435
00000432 fd4e                CLRR     0x31
00000433 fd4d                CLRR     0x32
00000434 fd30                CLRR     0x4f
Motor.o:_02014_DS_:
00000435 ffef                RET
_Motor_PWM_Loop1:
00000436 ff5e                MOVAR    0x21
00000437 fe84                MOVR     0x7b, ToAcc
00000438 ff5f                MOVAR    0x20
00000439 fa4e                INCR     0x31, ToReg
0000043a f2fc                BTRSC    STATUS, Z
0000043b fa4d                INCR     0x32, ToReg
0000043c fedf                MOVR     0x20, ToAcc
0000043d edce                XORAR    0x31, ToAcc
0000043e f6fc                BTRSS    STATUS, Z
0000043f c3b8                LGOTO    0x447; Motor.o:_02007_DS_=0x447
00000440 fede                MOVR     0x21, ToAcc
00000441 edcd                XORAR    0x32, ToAcc
00000442 f6fc                BTRSS    STATUS, Z
00000443 c3b8                LGOTO    0x447; Motor.o:_02007_DS_=0x447
00000444 fd4e                CLRR     0x31
00000445 fd4d                CLRR     0x32
00000446 fa30                INCR     0x4f, ToReg
Motor.o:_02007_DS_:
00000447 ffef                RET
_Power_Off:
00000448 e3be                BCR      0x41, 0x0
00000449 fd58                CLRR     0x27
0000044a fd57                CLRR     0x28
0000044b e33d                BCR      0x42, 0x1
0000044c e2bd                BCR      0x42, 0x2
0000044d fd31                CLRR     0x4e
0000044e e13a                BCR      0x45, 0x5
0000044f e47a                BSR      PORTA, PA7
00000450 e1fa                BCR      PORTA, PA4
00000451 e6fa                BSR      PORTA, PA2
00000452 ffef                RET
_M1_Reset:
00000453 fd30                CLRR     0x4f
00000454 fd4e                CLRR     0x31
00000455 fd4d                CLRR     0x32
00000456 fd4c                CLRR     0x33
00000457 fd4b                CLRR     0x34
00000458 fd4a                CLRR     0x35
00000459 fd49                CLRR     0x36
0000045a defe                MOVIA    0x1
0000045b ff52                MOVAR    0x2d
0000045c fd51                CLRR     0x2e
0000045d ffef                RET
_Battery_Voltage_Detect:
0000045e f7be                BTRSS    0x41, 0x0
0000045f c39c                LGOTO    0x463; Power_Manage.o:_02036_DS_=0x463
00000460 dee3                MOVIA    0x1c
00000461 fff0                IOST     PCON1
00000462 d42d                LCALL    0x3d2; _Low_Voltage_Process=0x3d2
Power_Manage.o:_02036_DS_:
00000463 f4bd                BTRSS    0x42, 0x6
00000464 c397                LGOTO    0x468; Power_Manage.o:_02039_DS_=0x468
00000465 dec7                MOVIA    0x38
00000466 fff0                IOST     PCON1
00000467 d38f                LCALL    0x470; _Battery_Full_Process=0x470
Power_Manage.o:_02039_DS_:
00000468 ffef                RET
_StandBy_Mode:
00000469 e53c                BSR      0x43, 0x5
0000046a e33d                BCR      0x42, 0x1
0000046b e2bd                BCR      0x42, 0x2
0000046c fd31                CLRR     0x4e
0000046d e1fa                BCR      PORTA, PA4
0000046e e13a                BCR      0x45, 0x5
0000046f ffef                RET
_Battery_Full_Process:
00000470 ffe0                IOSTR    PCON1
00000471 ff5d                MOVAR    0x22
00000472 f4dd                BTRSS    0x22, 0x6
00000473 c389                LGOTO    0x476; Power_Manage.o:_02045_DS_=0x476
00000474 e53a                BSR      0x45, 0x5
00000475 c388                LGOTO    0x477; Power_Manage.o:_02047_DS_=0x477
Power_Manage.o:_02045_DS_:
00000476 e13a                BCR      0x45, 0x5
Power_Manage.o:_02047_DS_:
00000477 ffef                RET
__checksum:
__CHECKSUM_ADDR__:
