
                    Nyquest Technology Co., Ltd.

NYASM 2.61

    ADDR  OPCODE/VALUE              LINE   TAG  SOURCE                   STATEMENT    

                                    1-    1     ;--------------------------------------------------------
                                    1-    2     ; File Created by SDCC : free open source ISO C Compiler 
                                    1-    3     ; Version 4.2.2 #0 (MSVC)
                                    1-    4     ;--------------------------------------------------------
                                    1-    5     ; NY8A port
                                    1-    6     ;--------------------------------------------------------
                                    1-    7     	.file	"Init.c"
                                    1-    8     	list	p=NY8A054E,c=on
                                    1-    9     	#include "ny8a054e.inc"
                                    2-    1     #include "common.inc"
                                    3-    1     ;; header file for 8 bit series assembly -*- mode:asm; coding:utf-8; -*-
                                    3-    2     ;; author    Ting
                                    3-    3     ;; date      2020-12-24
                                    3-    4     ;;
                                    3-    5     ;; # constant definition
                                    3-    6     ;;
                                    3-    7     ;; ## instruction result store destination
                                    3-    8     ;;  - W: the result is stored in the ACC.
                                    3-    9     ;;  - F: the result is stored back in register.
                                    3-   10     ;; ## flag name in STATUS register
                                    3-   11     ;;  - C, DC, Z
                                    3-   12     ;;
                                    3-   13     ;; # macro define
                                    3-   14     ;;
                                    3-   15     ;; ## RETURN, used by C compiler, end of function
                                    3-   16     ;; ## PAGESEL, empty macro, maybe used by C compiler (bug?)
                                    3-   17     ;; ## BANKSEL, replace by .banksel pseudo command, empty if disable bank.
                                    3-   18     ;; ## MGOTO, replace by LGOTO (ic<=2K word) or FGOTO (ic>2K word)
                                    3-   19     ;; ## MCALL, same as above
                                    3-   20     ;;
                                    3-   21     W       EQU 0
                                    3-   21     ;W = 0
                                    3-   22     F       EQU 1
                                    3-   22     ;F = 1
                                    3-   23     C		EQU	0
                                    3-   23     ;C = 0
                                    3-   24     DC		EQU	1
                                    3-   24     ;DC = 1
                                    3-   25     Z		EQU	2
                                    3-   25     ;Z = 2
                                    3-   28     ;; common register for all series
                                    3-   29     INDF    EQU 0x00
                                    3-   29     ;INDF = 0
                                    3-   30     PCL     EQU 0x02
                                    3-   30     ;PCL = 2
                                    3-   31     STATUS  EQU 0x03
                                    3-   31     ;STATUS = 3
                                    3-   32     FSR     EQU 0x04
                                    3-   32     ;FSR = 4
                                    3-   33     PCHBUF  EQU 0x0A
                                    3-   33     ;PCHBUF = 10
                                    1-   11     ;--------------------------------------------------------
                                    1-   12     ; external declarations
                                    1-   13     ;--------------------------------------------------------
                                    1-   14     	extern	_clear_ram
                                    1-   15     	extern	_multi_16b
                                    1-   16     	extern	_multi_8b
                                    1-   17     	extern	_T0MD
                                    1-   18     	extern	_PCON1
                                    1-   19     	extern	_CMPCR
                                    1-   20     	extern	_BODCON
                                    1-   21     	extern	_PS0CV
                                    1-   22     	extern	_APHCON
                                    1-   23     	extern	_IOSTB
                                    1-   24     	extern	_IOSTA
                                    1-   25     	extern	_PWM5RH
                                    1-   26     	extern	_PWM5DUTY
                                    1-   27     	extern	_P5CR1
                                    1-   28     	extern	_PWM4DUTY
                                    1-   29     	extern	_P4CR1
                                    1-   30     	extern	_PS3CV
                                    1-   31     	extern	_PWM3DUTY
                                    1-   32     	extern	_T3CR2
                                    1-   33     	extern	_T3CR1
                                    1-   34     	extern	_TMR3
                                    1-   35     	extern	_OSCCR
                                    1-   36     	extern	_PWM2DUTY
                                    1-   37     	extern	_P2CR1
                                    1-   38     	extern	_TBHD
                                    1-   39     	extern	_TBHP
                                    1-   40     	extern	_IRCR
                                    1-   41     	extern	_BZ1CR
                                    1-   42     	extern	_PS1CV
                                    1-   43     	extern	_PWM1DUTY
                                    1-   44     	extern	_T1CR2
                                    1-   45     	extern	_T1CR1
                                    1-   46     	extern	_TMR1
                                    1-   47     	extern	_TM34RH
                                    1-   48     	extern	_TMRH
                                    1-   49     	extern	_PCHBUF
                                    1-   50     	extern	_STATUS
                                    1-   51     	extern	_PCL
                                    1-   52     	extern	_TMR0
                                    1-   53     	extern	_INTE2bits
                                    1-   54     	extern	_RFCbits
                                    1-   55     	extern	_INTEDGbits
                                    1-   56     	extern	_AWUCONbits
                                    1-   57     	extern	_INTFbits
                                    1-   58     	extern	_INTEbits
                                    1-   59     	extern	_BPHCONbits
                                    1-   60     	extern	_ABPLCONbits
                                    1-   61     	extern	_BWUCONbits
                                    1-   62     	extern	_PCONbits
                                    1-   63     	extern	_PORTBbits
                                    1-   64     	extern	_PORTAbits
                                    1-   66     	extern PSAVE
                                    1-   67     	extern SSAVE
                                    1-   68     	extern WSAVE
                                    1-   69     	extern STK12
                                    1-   70     	extern ___STK12
                                    1-   71     	extern STK11
                                    1-   72     	extern ___STK11
                                    1-   73     	extern STK10
                                    1-   74     	extern ___STK10
                                    1-   75     	extern STK09
                                    1-   76     	extern ___STK09
                                    1-   77     	extern STK08
                                    1-   78     	extern ___STK08
                                    1-   79     	extern STK07
                                    1-   80     	extern ___STK07
                                    1-   81     	extern STK06
                                    1-   82     	extern ___STK06
                                    1-   83     	extern STK05
                                    1-   84     	extern ___STK05
                                    1-   85     	extern STK04
                                    1-   86     	extern ___STK04
                                    1-   87     	extern STK03
                                    1-   88     	extern ___STK03
                                    1-   89     	extern STK02
                                    1-   90     	extern ___STK02
                                    1-   91     	extern STK01
                                    1-   92     	extern ___STK01
                                    1-   93     	extern STK00
                                    1-   94     	extern ___STK00
                                    1-   95     ;--------------------------------------------------------
                                    1-   96     ; global declarations
                                    1-   97     ;--------------------------------------------------------
                                    1-   98     	extern	_INTE2
                                    1-   99     	extern	_RFC
                                    1-  100     	extern	_INTEDG
                                    1-  101     	extern	_AWUCON
                                    1-  102     	extern	_INTF
                                    1-  103     	extern	_INTE
                                    1-  104     	extern	_BPHCON
                                    1-  105     	extern	_ABPLCON
                                    1-  106     	extern	_BWUCON
                                    1-  107     	extern	_PCON
                                    1-  108     	extern	_PORTB
                                    1-  109     	extern	_PORTA
                                    1-  110     	extern	_StandBy_ShutDown_Cnt
                                    1-  111     	extern	_Low_Voltage_Cnt
                                    1-  112     	extern	_Low_Voltage_Debounce_Cnt
                                    1-  113     	extern	_TeleCon_LED_Flash_Cnt
                                    1-  114     	extern	_TeleCon_Signal_Recv_Time_Cnt
                                    1-  115     	extern	_TeleCon_Strength_change_Code
                                    1-  116     	extern	_TeleCon_Data_Code
                                    1-  117     	extern	_TeleCon_Check_Code
                                    1-  118     	extern	_Analyze_Save3
                                    1-  119     	extern	_Analyze_Save2
                                    1-  120     	extern	_Analyze_Save1
                                    1-  121     	extern	_TeleCon_Signal_Sbit_Cnt
                                    1-  122     	extern	_TeleCon_Signal_Cnt
                                    1-  123     	extern	_TeleCon_Signal_Save
                                    1-  124     	extern	_Charge_3H_Time_Cnt
                                    1-  125     	extern	_Low_Voltage_LED_Flash_Times_Cnt
                                    1-  126     	extern	_Low_Voltage_LED_Flash_Cnt
                                    1-  127     	extern	_Full_Cnt
                                    1-  128     	extern	_Charge_Cnt
                                    1-  129     	extern	_Charging_LED_Flashing_Time
                                    1-  130     	extern	_M1_Cnt
                                    1-  131     	extern	_Motor_Freq_Cnt2
                                    1-  132     	extern	_Motor_Freq_Cnt1
                                    1-  133     	extern	_Motor_Freq_Cnt0
                                    1-  134     	extern	_M1_Freq_Change_Set
                                    1-  135     	extern	_M1_Freq_Change
                                    1-  136     	extern	_M1_1_Cycle_Set
                                    1-  137     	extern	_M1_1_Duty_Set
                                    1-  138     	extern	_M1_Duty
                                    1-  139     	extern	_M1_Cycle
                                    1-  140     	extern	_Motor_Freq_Change
                                    1-  141     	extern	_M1_Duty_Set
                                    1-  142     	extern	_M1_Cycle_Set
                                    1-  143     	extern	_Key_Quick_Press_LED_Cnt
                                    1-  144     	extern	_Key_Long_Cnt
                                    1-  145     	extern	_Key_Press_Cnt
                                    1-  146     	extern	_Clock_Save
                                    1-  147     	extern	_Sleep_Cnt
                                    1-  148     	extern	_T_1MIN
                                    1-  149     	extern	_T_1S
                                    1-  150     	extern	_T_100MS
                                    1-  151     	extern	_T_10MS
                                    1-  152     	extern	_T_1MS
                                    1-  153     	extern	_T_100US
                                    1-  154     	extern	_Time
                                    1-  155     	extern	_Sys_Flag4
                                    1-  156     	extern	_Sys_Flag3
                                    1-  157     	extern	_Sys_Flag2
                                    1-  158     	extern	_Sys_Flag1
                                    1-  159     	extern	_Sys_Flag0
                                    1-  160     	extern	_Init
                                    1-  162     ;--------------------------------------------------------
                                    1-  163     ; global definitions
                                    1-  164     ;--------------------------------------------------------
                                    1-  165     ;--------------------------------------------------------
                                    1-  166     ; absolute symbol definitions
                                    1-  167     ;--------------------------------------------------------
                                    1-  168     ;--------------------------------------------------------
                                    1-  169     ; compiler-defined variables
                                    1-  170     ;--------------------------------------------------------
                                    1-  171     ;--------------------------------------------------------
                                    1-  172     ; initialized data
                                    1-  173     ;--------------------------------------------------------
                                    1-  175     .segment "idata"
     0000                           1-  176     _Sys_Flag0:
     0000 0000                      1-  179     	dw	0x00	; 0
                                    1-  182     .segment "idata"
     0000                           1-  183     _Sys_Flag1:
     0000 0000                      1-  186     	dw	0x00	; 0
                                    1-  189     .segment "idata"
     0000                           1-  190     _Sys_Flag2:
     0000 0000                      1-  193     	dw	0x00	; 0
                                    1-  196     .segment "idata"
     0000                           1-  197     _Sys_Flag3:
     0000 0000                      1-  200     	dw	0x00	; 0
                                    1-  203     .segment "idata"
     0000                           1-  204     _Sys_Flag4:
     0000 0000                      1-  207     	dw	0x00	; 0
                                    1-  210     .segment "idata"
     0000                           1-  211     _Time:
     0000 0000                      1-  214     	dw	0x00	; 0
                                    1-  217     .segment "idata"
     0000                           1-  218     _T_100US:
     0000 0000                      1-  221     	dw	0x00	; 0
                                    1-  224     .segment "idata"
     0000                           1-  225     _T_1MS:
     0000 0000                      1-  228     	dw	0x00	; 0
                                    1-  231     .segment "idata"
     0000                           1-  232     _T_10MS:
     0000 0000                      1-  235     	dw	0x00	; 0
                                    1-  238     .segment "idata"
     0000                           1-  239     _T_100MS:
     0000 0000                      1-  242     	dw	0x00	; 0
                                    1-  245     .segment "idata"
     0000                           1-  246     _T_1S:
     0000 0000                      1-  249     	dw	0x00	; 0
                                    1-  252     .segment "idata"
     0000                           1-  253     _T_1MIN:
     0000 0000                      1-  256     	dw	0x00	; 0
                                    1-  259     .segment "idata"
     0000                           1-  260     _Sleep_Cnt:
     0000 0000 0000                 1-  263     	dw	0x00, 0x00	;  0
                                    1-  266     .segment "idata"
     0000                           1-  267     _Clock_Save:
     0000 0000                      1-  270     	dw	0x00	; 0
                                    1-  273     .segment "idata"
     0000                           1-  274     _Key_Press_Cnt:
     0000 0000                      1-  277     	dw	0x00	; 0
                                    1-  280     .segment "idata"
     0000                           1-  281     _Key_Long_Cnt:
     0000 0000                      1-  284     	dw	0x00	; 0
                                    1-  287     .segment "idata"
     0000                           1-  288     _Key_Quick_Press_LED_Cnt:
     0000 0000                      1-  291     	dw	0x00	; 0
                                    1-  294     .segment "idata"
     0000                           1-  295     _M1_Cycle_Set:
     0000 0000 0000                 1-  298     	dw	0x00, 0x00	;  0
                                    1-  301     .segment "idata"
     0000                           1-  302     _M1_Duty_Set:
     0000 0000 0000                 1-  305     	dw	0x00, 0x00	;  0
                                    1-  308     .segment "idata"
     0000                           1-  309     _Motor_Freq_Change:
     0000 0000                      1-  312     	dw	0x00	; 0
                                    1-  315     .segment "idata"
     0000                           1-  316     _M1_Cycle:
     0000 0000 0000                 1-  319     	dw	0x00, 0x00	;  0
                                    1-  322     .segment "idata"
     0000                           1-  323     _M1_Duty:
     0000 0000 0000                 1-  326     	dw	0x00, 0x00	;  0
                                    1-  329     .segment "idata"
     0000                           1-  330     _M1_1_Duty_Set:
     0000 0000 0000                 1-  333     	dw	0x00, 0x00	;  0
                                    1-  336     .segment "idata"
     0000                           1-  337     _M1_1_Cycle_Set:
     0000 0000 0000                 1-  340     	dw	0x00, 0x00	;  0
                                    1-  343     .segment "idata"
     0000                           1-  344     _M1_Freq_Change:
     0000 0000                      1-  347     	dw	0x00	; 0
                                    1-  350     .segment "idata"
     0000                           1-  351     _M1_Freq_Change_Set:
     0000 0000                      1-  354     	dw	0x00	; 0
                                    1-  357     .segment "idata"
     0000                           1-  358     _Motor_Freq_Cnt0:
     0000 0000                      1-  361     	dw	0x00	; 0
                                    1-  364     .segment "idata"
     0000                           1-  365     _Motor_Freq_Cnt1:
     0000 0000 0000                 1-  368     	dw	0x00, 0x00	;  0
                                    1-  371     .segment "idata"
     0000                           1-  372     _Motor_Freq_Cnt2:
     0000 0000 0000                 1-  375     	dw	0x00, 0x00	;  0
                                    1-  378     .segment "idata"
     0000                           1-  379     _M1_Cnt:
     0000 0000 0000                 1-  382     	dw	0x00, 0x00	;  0
                                    1-  385     .segment "idata"
     0000                           1-  386     _Charging_LED_Flashing_Time:
     0000 0000                      1-  389     	dw	0x00	; 0
                                    1-  392     .segment "idata"
     0000                           1-  393     _Charge_Cnt:
     0000 0000                      1-  396     	dw	0x00	; 0
                                    1-  399     .segment "idata"
     0000                           1-  400     _Full_Cnt:
     0000 0000                      1-  403     	dw	0x00	; 0
                                    1-  406     .segment "idata"
     0000                           1-  407     _Low_Voltage_LED_Flash_Cnt:
     0000 0000                      1-  410     	dw	0x00	; 0
                                    1-  413     .segment "idata"
     0000                           1-  414     _Low_Voltage_LED_Flash_Times_Cnt:
     0000 0000                      1-  417     	dw	0x00	; 0
                                    1-  420     .segment "idata"
     0000                           1-  421     _Charge_3H_Time_Cnt:
     0000 0000 0000                 1-  424     	dw	0x00, 0x00	;  0
                                    1-  427     .segment "idata"
     0000                           1-  428     _TeleCon_Signal_Save:
     0000 0000                      1-  431     	dw	0x00	; 0
                                    1-  434     .segment "idata"
     0000                           1-  435     _TeleCon_Signal_Cnt:
     0000 0000 0000                 1-  438     	dw	0x00, 0x00	;  0
                                    1-  441     .segment "idata"
     0000                           1-  442     _TeleCon_Signal_Sbit_Cnt:
     0000 0000                      1-  445     	dw	0x00	; 0
                                    1-  448     .segment "idata"
     0000                           1-  449     _Analyze_Save1:
     0000 0000                      1-  452     	dw	0x00	; 0
                                    1-  455     .segment "idata"
     0000                           1-  456     _Analyze_Save2:
     0000 0000                      1-  459     	dw	0x00	; 0
                                    1-  462     .segment "idata"
     0000                           1-  463     _Analyze_Save3:
     0000 0000                      1-  466     	dw	0x00	; 0
                                    1-  469     .segment "idata"
     0000                           1-  470     _TeleCon_Check_Code:
     0000 0000                      1-  473     	dw	0x00	; 0
                                    1-  476     .segment "idata"
     0000                           1-  477     _TeleCon_Data_Code:
     0000 0000                      1-  480     	dw	0x00	; 0
                                    1-  483     .segment "idata"
     0000                           1-  484     _TeleCon_Strength_change_Code:
     0000 0000                      1-  487     	dw	0x00	; 0
                                    1-  490     .segment "idata"
     0000                           1-  491     _TeleCon_Signal_Recv_Time_Cnt:
     0000 0000 0000                 1-  494     	dw	0x00, 0x00	;  0
                                    1-  497     .segment "idata"
     0000                           1-  498     _TeleCon_LED_Flash_Cnt:
     0000 0000 0000                 1-  501     	dw	0x00, 0x00	;  0
                                    1-  504     .segment "idata"
     0000                           1-  505     _Low_Voltage_Debounce_Cnt:
     0000 0000                      1-  508     	dw	0x00	; 0
                                    1-  511     .segment "idata"
     0000                           1-  512     _Low_Voltage_Cnt:
     0000 0000                      1-  515     	dw	0x00	; 0
                                    1-  518     .segment "idata"
     0000                           1-  519     _StandBy_ShutDown_Cnt:
     0000 0000 0000                 1-  522     	dw	0x00, 0x00	;  0
                                    1-  524     ;--------------------------------------------------------
                                    1-  525     ; initialized absolute data
                                    1-  526     ;--------------------------------------------------------
                                    1-  527     ;--------------------------------------------------------
                                    1-  528     ; overlayable items in internal ram 
                                    1-  529     ;--------------------------------------------------------
                                    1-  530     ;	udata_ovr
                                    1-  531     ;--------------------------------------------------------
                                    1-  532     ; code
                                    1-  533     ;--------------------------------------------------------
                                    1-  534     ; code_Init	code
                                    1-  535     ;***
                                    1-  536     ;  pBlock Stats: dbName = C
                                    1-  537     ;***
                                    1-  538     ;has an exit
                                    1-  539     ;; Starting pCode block
                                    1-  540     .segment "code"; module=Init, function=_Init
     0000                           1-  542     _Init:
                                    1-  543     ; 2 exit points
                                    1-  544     	.line	72, "Init.c"; 	PCON1 = 0;
     0000 0200                      1-  545     	CLRA	
     0001 000r                      1-  546     	IOST	_PCON1
                                    1-  547     	.line	74, "Init.c"; 	PCON  = C_WDT_En | C_LVD_En | C_LVR_En | C_PA5_PHB_Dis | C_PA4_PLB_Dis;
     0002 21F8                      1-  548     	MOVIA	0xf8
     0003 00rr                      1-  549     	MOVAR	_PCON
                                    1-  550     	.line	77, "Init.c"; 	CMPCR  = C_CMPFINV_Dis | C_RBias_High_Dis | C_RBias_Low_Dis | 0x0A;
     0004 210A                      1-  551     	MOVIA	0x0a
     0005 000r                      1-  552     	IOST	_CMPCR
                                    1-  553     	.line	78, "Init.c"; 	IOSTA  = C_PA0_Output  | C_PA1_Output     | C_PA2_Output    | C_PA3_Input | C_PA4_Output | C_PA5_Input | C_PA6_Input | C_PA7_Output;
     0006 2168                      1-  554     	MOVIA	0x68
     0007 000r                      1-  555     	IOST	_IOSTA
                                    1-  556     	.line	79, "Init.c"; 	PORTA  = 0x84;
     0008 2184                      1-  557     	MOVIA	0x84
     0009 00rr                      1-  558     	MOVAR	_PORTA
                                    1-  559     	.line	80, "Init.c"; 	APHCON = 0xF7; 
     000A 21F7                      1-  560     	MOVIA	0xf7
     000B 000r                      1-  561     	IOST	_APHCON
                                    1-  562     	.line	83, "Init.c"; 	TMRH  = 0x00;
     000C 02rr                      1-  563     	CLRR	_TMRH
                                    1-  564     	.line	84, "Init.c"; 	TMR1  = 200;
     000D 21C8                      1-  565     	MOVIA	0xc8
     000E 00rr                      1-  566     	SFUN	_TMR1
                                    1-  567     	.line	85, "Init.c"; 	T1CR1 = C_TMR1_En          | C_TMR1_Reload;
     000F 2103                      1-  568     	MOVIA	0x03
     0010 00rr                      1-  569     	SFUN	_T1CR1
                                    1-  570     	.line	86, "Init.c"; 	T1CR2 = C_TMR1_ClkSrc_Inst | C_PS1_Dis;
     0011 2108                      1-  571     	MOVIA	0x08
     0012 00rr                      1-  572     	SFUN	_T1CR2
                                    1-  573     	.line	89, "Init.c"; 	AWUCON = C_PA3_Wakeup | C_PA5_Wakeup;
     0013 2128                      1-  574     	MOVIA	0x28
     0014 00rr                      1-  575     	MOVAR	_AWUCON
                                    1-  576     	.line	91, "Init.c"; 	BWUCON = 0x00;
     0015 02rr                      1-  577     	CLRR	_BWUCON
                                    1-  578     	.line	94, "Init.c"; 	T1IE   = 1;
                                    1-  579     	BANKSEL	_INTE
     0016 rrrr                      3-  109 m1      .banksel ram_address
     0017 19rr                      1-  580     	BSR	_INTE,3
                                    1-  581     	.line	96, "Init.c"; 	INTF   = 0;
     0018 02rr                      1-  582     	CLRR	_INTF
                                    1-  583     	.line	97, "Init.c"; 	ENI();
     0019 0004                      1-  584     	ENI
                                    1-  585     	.line	98, "Init.c"; 	}
                                    1-  586     	RETURN	
     001A 0010                      3-   39 m1      ret
                                    1-  587     ; exit point of _Init
                                    1-  590     ;	code size estimation:
                                    1-  591     ;	   25+    1 =    26 instructions (   54 byte)
                                    1-  593     	end

SYMBOL TABLE            TYPE     VALUE
__pin_count__           Constant 0000000E
__processor__           Constant 00800544
C                       Constant 00000000
DC                      Constant 00000001
ENABLE_RAM_BANK         Constant 00000001
F                       Constant 00000001
FSR                     Constant 00000004
INDF                    Constant 00000000
PCHBUF                  Constant 0000000A
PCL                     Constant 00000002
STATUS                  Constant 00000003
USEFGOTO                Constant 00000000
W                       Constant 00000000
Z                       Constant 00000002


SOURCE FILE TABLE
001 OBJ/Init.s
002 ny8a054e.inc
003 common.inc
004 Init.c

PROCESSOR    = NY8A054E (8 bits)
PROGRAM ROM  = 0x00000000 - 0x000007FF
DATA ROM     = 0x00000000 - 0x000007FF
SRAM / SFR   = 0x00000000 - 0x00000000
