
                    Nyquest Technology Co., Ltd.

NYASM 2.50

    ADDR  OPCODE/VALUE              LINE   TAG  SOURCE                   STATEMENT    

                                    1-    1     ;--------------------------------------------------------
                                    1-    2     ; File Created by SDCC : free open source ISO C Compiler 
                                    1-    3     ; Version 4.2.2 #0 (MSVC)
                                    1-    4     ;--------------------------------------------------------
                                    1-    5     ; NY8A port
                                    1-    6     ;--------------------------------------------------------
                                    1-    7     	.file	"Telecontrol.c"
                                    1-    8     	list	p=NY8A054E,c=on
                                    1-    9     	#include "ny8a054e.inc"
                                    2-    1     #include "common.inc"
                                    3-    1     ;; header file for 8 bit series assembly -*- mode:asm; coding:utf-8; -*-
                                    3-    2     ;; author    Ting
                                    3-    3     ;; date      2020-12-24
                                    3-    4     ;;
                                    3-    5     ;; # constant definition
                                    3-    6     ;;
                                    3-    7     ;; ## instruction result store destination
                                    3-    8     ;;  - W: the result is stored in the ACC.
                                    3-    9     ;;  - F: the result is stored back in register.
                                    3-   10     ;; ## flag name in STATUS register
                                    3-   11     ;;  - C, DC, Z
                                    3-   12     ;;
                                    3-   13     ;; # macro define
                                    3-   14     ;;
                                    3-   15     ;; ## RETURN, used by C compiler, end of function
                                    3-   16     ;; ## PAGESEL, empty macro, maybe used by C compiler (bug?)
                                    3-   17     ;; ## BANKSEL, replace by .banksel pseudo command, empty if disable bank.
                                    3-   18     ;; ## MGOTO, replace by LGOTO (ic<=2K word) or FGOTO (ic>2K word)
                                    3-   19     ;; ## MCALL, same as above
                                    3-   20     ;;
                                    3-   21     W       EQU 0
                                    3-   21     ;W = 0
                                    3-   22     F       EQU 1
                                    3-   22     ;F = 1
                                    3-   23     C		EQU	0
                                    3-   23     ;C = 0
                                    3-   24     DC		EQU	1
                                    3-   24     ;DC = 1
                                    3-   25     Z		EQU	2
                                    3-   25     ;Z = 2
                                    3-   28     ;; common register for all series
                                    3-   29     INDF    EQU 0x00
                                    3-   29     ;INDF = 0
                                    3-   30     PCL     EQU 0x02
                                    3-   30     ;PCL = 2
                                    3-   31     STATUS  EQU 0x03
                                    3-   31     ;STATUS = 3
                                    3-   32     FSR     EQU 0x04
                                    3-   32     ;FSR = 4
                                    3-   33     PCHBUF  EQU 0x0A
                                    3-   33     ;PCHBUF = 10
                                    1-   11     ;--------------------------------------------------------
                                    1-   12     ; external declarations
                                    1-   13     ;--------------------------------------------------------
                                    1-   14     	extern	_Low_Voltage_Process
                                    1-   15     	extern	_Battery_Full_Process
                                    1-   16     	extern	_Battery_Voltage_Detect
                                    1-   17     	extern	_StandBy_Exit
                                    1-   18     	extern	_StandBy_Check
                                    1-   19     	extern	_StandBy_Mode
                                    1-   20     	extern	_Power_Off
                                    1-   21     	extern	_Motor_PWM_Loop2
                                    1-   22     	extern	_Motor_PWM_Loop1
                                    1-   23     	extern	_M1_Reset
                                    1-   24     	extern	_M1_Work
                                    1-   25     	extern	_M1_Work_Processs
                                    1-   26     	extern	_Init
                                    1-   27     	extern	_clear_ram
                                    1-   28     	extern	_multi_16b
                                    1-   29     	extern	_multi_8b
                                    1-   30     	extern	_T0MD
                                    1-   31     	extern	_PCON1
                                    1-   32     	extern	_CMPCR
                                    1-   33     	extern	_BODCON
                                    1-   34     	extern	_PS0CV
                                    1-   35     	extern	_APHCON
                                    1-   36     	extern	_IOSTB
                                    1-   37     	extern	_IOSTA
                                    1-   38     	extern	_PWM5RH
                                    1-   39     	extern	_PWM5DUTY
                                    1-   40     	extern	_P5CR1
                                    1-   41     	extern	_PWM4DUTY
                                    1-   42     	extern	_P4CR1
                                    1-   43     	extern	_PS3CV
                                    1-   44     	extern	_PWM3DUTY
                                    1-   45     	extern	_T3CR2
                                    1-   46     	extern	_T3CR1
                                    1-   47     	extern	_TMR3
                                    1-   48     	extern	_OSCCR
                                    1-   49     	extern	_PWM2DUTY
                                    1-   50     	extern	_P2CR1
                                    1-   51     	extern	_TBHD
                                    1-   52     	extern	_TBHP
                                    1-   53     	extern	_IRCR
                                    1-   54     	extern	_BZ1CR
                                    1-   55     	extern	_PS1CV
                                    1-   56     	extern	_PWM1DUTY
                                    1-   57     	extern	_T1CR2
                                    1-   58     	extern	_T1CR1
                                    1-   59     	extern	_TMR1
                                    1-   60     	extern	_TM34RH
                                    1-   61     	extern	_TMRH
                                    1-   62     	extern	_PCHBUF
                                    1-   63     	extern	_STATUS
                                    1-   64     	extern	_PCL
                                    1-   65     	extern	_TMR0
                                    1-   66     	extern	_StandBy_ShutDown_Cnt
                                    1-   67     	extern	_Low_Voltage_LED_Flash_Cnt
                                    1-   68     	extern	_Low_Voltage_Cnt
                                    1-   69     	extern	_Low_Voltage_Debounce_Cnt
                                    1-   70     	extern	_TeleCon_LED_Flash_Cnt
                                    1-   71     	extern	_TeleCon_Signal_Recv_Time_Cnt
                                    1-   72     	extern	_TeleCon_Strength_change_Code
                                    1-   73     	extern	_TeleCon_Data_Code
                                    1-   74     	extern	_TeleCon_Check_Code
                                    1-   75     	extern	_Analyze_Save3
                                    1-   76     	extern	_Analyze_Save2
                                    1-   77     	extern	_Analyze_Save1
                                    1-   78     	extern	_TeleCon_Signal_Sbit_Cnt
                                    1-   79     	extern	_TeleCon_Signal_Cnt
                                    1-   80     	extern	_TeleCon_Signal_Save
                                    1-   81     	extern	_Charge_3H_Time_Cnt
                                    1-   82     	extern	_Low_Voltage_LED_Flash_Times_Cnt
                                    1-   83     	extern	_Full_Cnt
                                    1-   84     	extern	_Charge_Cnt
                                    1-   85     	extern	_Charging_LED_Flashing_Time
                                    1-   86     	extern	_M1_Cnt
                                    1-   87     	extern	_Motor_Freq_Cnt2
                                    1-   88     	extern	_Motor_Freq_Cnt1
                                    1-   89     	extern	_Motor_Freq_Cnt0
                                    1-   90     	extern	_M1_Freq_Change_Set
                                    1-   91     	extern	_M1_Freq_Change
                                    1-   92     	extern	_M1_1_Cycle_Set
                                    1-   93     	extern	_M1_1_Duty_Set
                                    1-   94     	extern	_M1_Duty
                                    1-   95     	extern	_M1_Cycle
                                    1-   96     	extern	_Motor_Freq_Change
                                    1-   97     	extern	_M1_Duty_Set
                                    1-   98     	extern	_M1_Cycle_Set
                                    1-   99     	extern	_Key_Quick_Press_LED_Cnt
                                    1-  100     	extern	_Key_Long_Cnt
                                    1-  101     	extern	_Key_Press_Cnt
                                    1-  102     	extern	_Clock_Save
                                    1-  103     	extern	_Sleep_Cnt
                                    1-  104     	extern	_T_1MIN
                                    1-  105     	extern	_T_1S
                                    1-  106     	extern	_T_100MS
                                    1-  107     	extern	_T_10MS
                                    1-  108     	extern	_T_1MS
                                    1-  109     	extern	_T_100US
                                    1-  110     	extern	_Time
                                    1-  111     	extern	_INTE2bits
                                    1-  112     	extern	_RFCbits
                                    1-  113     	extern	_INTEDGbits
                                    1-  114     	extern	_AWUCONbits
                                    1-  115     	extern	_INTFbits
                                    1-  116     	extern	_INTEbits
                                    1-  117     	extern	_BPHCONbits
                                    1-  118     	extern	_ABPLCONbits
                                    1-  119     	extern	_BWUCONbits
                                    1-  120     	extern	_PCONbits
                                    1-  121     	extern	_PORTBbits
                                    1-  122     	extern	_PORTAbits
                                    1-  124     	extern PSAVE
                                    1-  125     	extern SSAVE
                                    1-  126     	extern WSAVE
                                    1-  127     	extern STK12
                                    1-  128     	extern ___STK12
                                    1-  129     	extern STK11
                                    1-  130     	extern ___STK11
                                    1-  131     	extern STK10
                                    1-  132     	extern ___STK10
                                    1-  133     	extern STK09
                                    1-  134     	extern ___STK09
                                    1-  135     	extern STK08
                                    1-  136     	extern ___STK08
                                    1-  137     	extern STK07
                                    1-  138     	extern ___STK07
                                    1-  139     	extern STK06
                                    1-  140     	extern ___STK06
                                    1-  141     	extern STK05
                                    1-  142     	extern ___STK05
                                    1-  143     	extern STK04
                                    1-  144     	extern ___STK04
                                    1-  145     	extern STK03
                                    1-  146     	extern ___STK03
                                    1-  147     	extern STK02
                                    1-  148     	extern ___STK02
                                    1-  149     	extern STK01
                                    1-  150     	extern ___STK01
                                    1-  151     	extern STK00
                                    1-  152     	extern ___STK00
                                    1-  153     ;--------------------------------------------------------
                                    1-  154     ; global declarations
                                    1-  155     ;--------------------------------------------------------
                                    1-  156     	extern	_Sys_Flag3
                                    1-  157     	extern	_Sys_Flag2
                                    1-  158     	extern	_Sys_Flag1
                                    1-  159     	extern	_Sys_Flag4
                                    1-  160     	extern	_Sys_Flag0
                                    1-  161     	extern	_INTE2
                                    1-  162     	extern	_RFC
                                    1-  163     	extern	_INTEDG
                                    1-  164     	extern	_AWUCON
                                    1-  165     	extern	_INTF
                                    1-  166     	extern	_INTE
                                    1-  167     	extern	_BPHCON
                                    1-  168     	extern	_ABPLCON
                                    1-  169     	extern	_BWUCON
                                    1-  170     	extern	_PCON
                                    1-  171     	extern	_PORTB
                                    1-  172     	extern	_PORTA
                                    1-  173     	extern	_TeleCon_Data_Recv
                                    1-  174     	extern	_TeleCon_Signal_Process
                                    1-  176     ;--------------------------------------------------------
                                    1-  177     ; global definitions
                                    1-  178     ;--------------------------------------------------------
                                    1-  179     ;--------------------------------------------------------
                                    1-  180     ; absolute symbol definitions
                                    1-  181     ;--------------------------------------------------------
                                    1-  182     ;--------------------------------------------------------
                                    1-  183     ; compiler-defined variables
                                    1-  184     ;--------------------------------------------------------
                                    1-  185     ;--------------------------------------------------------
                                    1-  186     ; initialized data
                                    1-  187     ;--------------------------------------------------------
                                    1-  188     ;--------------------------------------------------------
                                    1-  189     ; initialized absolute data
                                    1-  190     ;--------------------------------------------------------
                                    1-  191     ;--------------------------------------------------------
                                    1-  192     ; overlayable items in internal ram 
                                    1-  193     ;--------------------------------------------------------
                                    1-  194     ;	udata_ovr
                                    1-  195     ;--------------------------------------------------------
                                    1-  196     ; code
                                    1-  197     ;--------------------------------------------------------
                                    1-  198     ; code_Telecontrol	code
                                    1-  199     ;***
                                    1-  200     ;  pBlock Stats: dbName = C
                                    1-  201     ;***
                                    1-  202     ;has an exit
                                    1-  203     ;functions called:
                                    1-  204     ;   _M1_Reset
                                    1-  205     ;   _M1_Work
                                    1-  206     ;   _M1_Reset
                                    1-  207     ;   _M1_Work
                                    1-  208     ;   _StandBy_Mode
                                    1-  209     ;   _M1_Reset
                                    1-  210     ;   _M1_Work
                                    1-  211     ;   _M1_Reset
                                    1-  212     ;   _M1_Work
                                    1-  213     ;   _StandBy_Mode
                                    1-  214     ;; Starting pCode block
                                    1-  215     .segment "code"; module=Telecontrol, function=_TeleCon_Signal_Process
     0000                           1-  217     _TeleCon_Signal_Process:
                                    1-  218     ; 2 exit points
                                    1-  219     	.line	87, "Telecontrol.c"; 	if (TeleCon_8Bit_Check_Code_Geted_FLAG) // 当校验位标记完成接收
                                    1-  220     	BANKSEL	_Sys_Flag3
     0000 rrrr                      3-  109 m1      .banksel ram_address
     0001 09rr                      1-  221     	BTRSS	_Sys_Flag3,2
                                    1-  222     	MGOTO	_00001_DS_
     0002 3rrr                      3-   62 m1      LGOTO rom_address
                                    1-  223     	.line	89, "Telecontrol.c"; 	TeleCon_8Bit_Check_Code_Geted_FLAG = 0; // 清空校验位标记
     0003 1Drr                      1-  224     	BCR	_Sys_Flag3,2
                                    1-  225     	.line	90, "Telecontrol.c"; 	TeleCon_Error_FLAG                 = 0; // 清空遥控错误标志
     0004 1Err                      1-  226     	BCR	_Sys_Flag3,5
                                    1-  227     	.line	92, "Telecontrol.c"; 	if ((Analyze_Save1 != S1_Short_Guide_Code) && (Analyze_Save1 != S1_Long_Press_Guide_Code) && (Analyze_Save1 != S2_Short_Guide_Code) && (Analyze_Save1 != S2_Long_Press_Guide_Code) && (Analyze_Save1 != S1_Short_Guide_Code_1) && (Analyze_Save1 != S1_Long_Press_Guide_Code_1) && (Analyze_Save1 != S2_Short_Guide_Code_1) && (Analyze_Save1 != S2_Long_Press_Guide_Code_1))
                                    1-  228     	BANKSEL	_Analyze_Save1
     0005 rrrr                      3-  109 m1      .banksel ram_address
     0006 01rr                      1-  229     	MOVR	_Analyze_Save1,W
     0007 2424                      1-  230     	XORIA	0x24
     0008 0D03                      1-  231     	BTRSC	STATUS,2
                                    1-  232     	MGOTO	_00001_DS_
     0009 3rrr                      3-   62 m1      LGOTO rom_address
     000A 01rr                      1-  233     	MOVR	_Analyze_Save1,W
     000B 24A5                      1-  234     	XORIA	0xa5
     000C 0D03                      1-  235     	BTRSC	STATUS,2
                                    1-  236     	MGOTO	_00001_DS_
     000D 3rrr                      3-   62 m1      LGOTO rom_address
     000E 01rr                      1-  237     	MOVR	_Analyze_Save1,W
     000F 24E6                      1-  238     	XORIA	0xe6
     0010 0D03                      1-  239     	BTRSC	STATUS,2
                                    1-  240     	MGOTO	_00001_DS_
     0011 3rrr                      3-   62 m1      LGOTO rom_address
     0012 01rr                      1-  241     	MOVR	_Analyze_Save1,W
     0013 2494                      1-  242     	XORIA	0x94
     0014 0D03                      1-  243     	BTRSC	STATUS,2
                                    1-  244     	MGOTO	_00001_DS_
     0015 3rrr                      3-   62 m1      LGOTO rom_address
     0016 01rr                      1-  245     	MOVR	_Analyze_Save1,W
     0017 2449                      1-  246     	XORIA	0x49
     0018 0D03                      1-  247     	BTRSC	STATUS,2
                                    1-  248     	MGOTO	_00001_DS_
     0019 3rrr                      3-   62 m1      LGOTO rom_address
     001A 01rr                      1-  249     	MOVR	_Analyze_Save1,W
     001B 244A                      1-  250     	XORIA	0x4a
     001C 0D03                      1-  251     	BTRSC	STATUS,2
                                    1-  252     	MGOTO	_00001_DS_
     001D 3rrr                      3-   62 m1      LGOTO rom_address
     001E 01rr                      1-  253     	MOVR	_Analyze_Save1,W
     001F 24CC                      1-  254     	XORIA	0xcc
     0020 0D03                      1-  255     	BTRSC	STATUS,2
                                    1-  256     	MGOTO	_00001_DS_
     0021 3rrr                      3-   62 m1      LGOTO rom_address
     0022 01rr                      1-  257     	MOVR	_Analyze_Save1,W
     0023 2428                      1-  258     	XORIA	0x28
     0024 0D03                      1-  259     	BTRSC	STATUS,2
                                    1-  260     	MGOTO	_00001_DS_
     0025 3rrr                      3-   62 m1      LGOTO rom_address
                                    1-  261     	.line	94, "Telecontrol.c"; 	TeleCon_Error_FLAG = 1; // 如果不正确则将遥控码错误标志位置1
                                    1-  262     	BANKSEL	_Sys_Flag3
     0026 rrrr                      3-  109 m1      .banksel ram_address
     0027 1Arr                      1-  263     	BSR	_Sys_Flag3,5
     0028                           1-  264     _00001_DS_:
                                    1-  265     	.line	98, "Telecontrol.c"; 	if (TeleCon_8to16Bit_Data_Geted_FLAG) // 当遥控码数据接收完成
                                    1-  266     	BANKSEL	_Sys_Flag3
     0028 rrrr                      3-  109 m1      .banksel ram_address
     0029 09rr                      1-  267     	BTRSS	_Sys_Flag3,3
                                    1-  268     	MGOTO	_02143_DS_
     002A 3rrr                      3-   62 m1      LGOTO rom_address
                                    1-  269     	.line	100, "Telecontrol.c"; 	TeleCon_8to16Bit_Data_Geted_FLAG = 0;             // 清空遥控数据接收完成标志
     002B 1Drr                      1-  270     	BCR	_Sys_Flag3,3
                                    1-  271     	.line	101, "Telecontrol.c"; 	TeleCon_Data_Code                = Analyze_Save2; // 更新遥控数据
                                    1-  272     	BANKSEL	_Analyze_Save2
     002C rrrr                      3-  109 m1      .banksel ram_address
     002D 01rr                      1-  273     	MOVR	_Analyze_Save2,W
                                    1-  274     	BANKSEL	_TeleCon_Data_Code
     002E rrrr                      3-  109 m1      .banksel ram_address
     002F 00rr                      1-  275     	MOVAR	_TeleCon_Data_Code
                                    1-  276     	.line	103, "Telecontrol.c"; 	if (!TeleCon_Error_FLAG && !Signal_Recv_Time_FLAG) // 如果遥控码错误标志位置为0,表示没有错误
                                    1-  277     	BANKSEL	_Sys_Flag3
     0030 rrrr                      3-  109 m1      .banksel ram_address
     0031 0Err                      1-  278     	BTRSC	_Sys_Flag3,5
                                    1-  279     	MGOTO	_02143_DS_
     0032 3rrr                      3-   62 m1      LGOTO rom_address
                                    1-  280     	BANKSEL	_Sys_Flag2
     0033 rrrr                      3-  109 m1      .banksel ram_address
     0034 0Drr                      1-  281     	BTRSC	_Sys_Flag2,3
                                    1-  282     	MGOTO	_02143_DS_
     0035 3rrr                      3-   62 m1      LGOTO rom_address
                                    1-  283     	.line	105, "Telecontrol.c"; 	if (TeleCon_Data_Code == S2_Freq_Change_Code) // 换频
                                    1-  284     	BANKSEL	_TeleCon_Data_Code
     0036 rrrr                      3-  109 m1      .banksel ram_address
     0037 01rr                      1-  285     	MOVR	_TeleCon_Data_Code,W
     0038 2419                      1-  286     	XORIA	0x19
     0039 0903                      1-  287     	BTRSS	STATUS,2
                                    1-  288     	MGOTO	_02136_DS_
     003A 3rrr                      3-   62 m1      LGOTO rom_address
                                    1-  289     	.line	107, "Telecontrol.c"; 	M1_PWM_Write_FLAG = 1;
                                    1-  290     	BANKSEL	_Sys_Flag1
     003B rrrr                      3-  109 m1      .banksel ram_address
     003C 19rr                      1-  291     	BSR	_Sys_Flag1,2
                                    1-  292     	.line	108, "Telecontrol.c"; 	M1_Freq_Change ++;
                                    1-  293     	BANKSEL	_M1_Freq_Change
     003D rrrr                      3-  109 m1      .banksel ram_address
     003E 05rr                      1-  294     	INCR	_M1_Freq_Change,F
                                    1-  295     ;;swapping arguments (AOP_TYPEs 1/3)
                                    1-  296     ;;unsigned compare: left >= lit(0xB=11), size=1
                                    1-  297     	.line	109, "Telecontrol.c"; 	if (M1_Freq_Change > 10)
     003F 210B                      1-  298     	MOVIA	0x0b
     0040 04rr                      1-  299     	SUBAR	_M1_Freq_Change,W
     0041 0803                      1-  300     	BTRSS	STATUS,0
                                    1-  301     	MGOTO	_02127_DS_
     0042 3rrr                      3-   62 m1      LGOTO rom_address
                                    1-  302     	.line	111, "Telecontrol.c"; 	M1_Freq_Change = 1;
     0043 2101                      1-  303     	MOVIA	0x01
     0044 00rr                      1-  304     	MOVAR	_M1_Freq_Change
     0045                           1-  305     _02127_DS_:
                                    1-  306     	.line	113, "Telecontrol.c"; 	TeleCon_M1_Work_Once_FLAG    = 1;
                                    1-  307     	BANKSEL	_Sys_Flag4
     0045 rrrr                      3-  109 m1      .banksel ram_address
     0046 1Arr                      1-  308     	BSR	_Sys_Flag4,5
                                    1-  309     	.line	114, "Telecontrol.c"; 	Signal_Recv_Time_FLAG        = 1;
                                    1-  310     	BANKSEL	_Sys_Flag2
     0047 rrrr                      3-  109 m1      .banksel ram_address
     0048 19rr                      1-  311     	BSR	_Sys_Flag2,3
                                    1-  312     	.line	115, "Telecontrol.c"; 	TeleCon_Signal_Recv_Time_Cnt = 0;
                                    1-  313     	BANKSEL	_TeleCon_Signal_Recv_Time_Cnt
     0049 rrrr                      3-  109 m1      .banksel ram_address
     004A 02rr                      1-  314     	CLRR	_TeleCon_Signal_Recv_Time_Cnt
     004B 02rr                      1-  315     	CLRR	(_TeleCon_Signal_Recv_Time_Cnt + 1)
                                    1-  316     	.line	116, "Telecontrol.c"; 	TeleCon_Check_Code           = 0;
                                    1-  317     	BANKSEL	_TeleCon_Check_Code
     004C rrrr                      3-  109 m1      .banksel ram_address
     004D 02rr                      1-  318     	CLRR	_TeleCon_Check_Code
                                    1-  319     	.line	117, "Telecontrol.c"; 	TeleCon_Data_Code            = 0xFF;
     004E 21FF                      1-  320     	MOVIA	0xff
                                    1-  321     	BANKSEL	_TeleCon_Data_Code
     004F rrrr                      3-  109 m1      .banksel ram_address
     0050 00rr                      1-  322     	MOVAR	_TeleCon_Data_Code
                                    1-  323     	.line	118, "Telecontrol.c"; 	TeleCon_LED_Flash_FLAG       = 1;
                                    1-  324     	BANKSEL	_Sys_Flag3
     0051 rrrr                      3-  109 m1      .banksel ram_address
     0052 1Brr                      1-  325     	BSR	_Sys_Flag3,7
                                    1-  326     	.line	119, "Telecontrol.c"; 	M1_Reset();
                                    1-  327     	MCALL	_M1_Reset
     0053 2rrr                      3-   65 m1      LCALL rom_address
                                    1-  328     	.line	120, "Telecontrol.c"; 	M1_Work();
                                    1-  329     	MCALL	_M1_Work
     0054 2rrr                      3-   65 m1      LCALL rom_address
                                    1-  330     	MGOTO	_02143_DS_
     0055 3rrr                      3-   62 m1      LGOTO rom_address
     0056                           1-  331     _02136_DS_:
                                    1-  332     	.line	122, "Telecontrol.c"; 	else if (TeleCon_Data_Code == S1_Freq_Change_Code)
                                    1-  333     	BANKSEL	_TeleCon_Data_Code
     0056 rrrr                      3-  109 m1      .banksel ram_address
     0057 01rr                      1-  334     	MOVR	_TeleCon_Data_Code,W
     0058 24DB                      1-  335     	XORIA	0xdb
     0059 0903                      1-  336     	BTRSS	STATUS,2
                                    1-  337     	MGOTO	_02133_DS_
     005A 3rrr                      3-   62 m1      LGOTO rom_address
                                    1-  338     	.line	124, "Telecontrol.c"; 	Key_LED_Flash_FLAG = 1;
                                    1-  339     	BANKSEL	_Sys_Flag0
     005B rrrr                      3-  109 m1      .banksel ram_address
     005C 1Arr                      1-  340     	BSR	_Sys_Flag0,5
                                    1-  341     	.line	125, "Telecontrol.c"; 	if (!TeleCon_M1_Work_Once_FLAG)
                                    1-  342     	BANKSEL	_Sys_Flag4
     005D rrrr                      3-  109 m1      .banksel ram_address
     005E 0Err                      1-  343     	BTRSC	_Sys_Flag4,5
                                    1-  344     	MGOTO	_02129_DS_
     005F 3rrr                      3-   62 m1      LGOTO rom_address
                                    1-  345     	.line	127, "Telecontrol.c"; 	TeleCon_M1_Work_Once_FLAG = 1;
     0060 1Arr                      1-  346     	BSR	_Sys_Flag4,5
                                    1-  347     	.line	128, "Telecontrol.c"; 	M1_PWM_Write_FLAG         = 1;
                                    1-  348     	BANKSEL	_Sys_Flag1
     0061 rrrr                      3-  109 m1      .banksel ram_address
     0062 19rr                      1-  349     	BSR	_Sys_Flag1,2
                                    1-  350     	.line	129, "Telecontrol.c"; 	M1_Freq_Change            = 1;
     0063 2101                      1-  351     	MOVIA	0x01
                                    1-  352     	BANKSEL	_M1_Freq_Change
     0064 rrrr                      3-  109 m1      .banksel ram_address
     0065 00rr                      1-  353     	MOVAR	_M1_Freq_Change
                                    1-  354     	.line	130, "Telecontrol.c"; 	M1_Reset();
                                    1-  355     	MCALL	_M1_Reset
     0066 2rrr                      3-   65 m1      LCALL rom_address
                                    1-  356     	.line	131, "Telecontrol.c"; 	M1_Work();
                                    1-  357     	MCALL	_M1_Work
     0067 2rrr                      3-   65 m1      LCALL rom_address
     0068                           1-  358     _02129_DS_:
                                    1-  359     	.line	133, "Telecontrol.c"; 	Signal_Recv_Time_FLAG        = 1;
                                    1-  360     	BANKSEL	_Sys_Flag2
     0068 rrrr                      3-  109 m1      .banksel ram_address
     0069 19rr                      1-  361     	BSR	_Sys_Flag2,3
                                    1-  362     	.line	134, "Telecontrol.c"; 	TeleCon_Signal_Recv_Time_Cnt = 0;
                                    1-  363     	BANKSEL	_TeleCon_Signal_Recv_Time_Cnt
     006A rrrr                      3-  109 m1      .banksel ram_address
     006B 02rr                      1-  364     	CLRR	_TeleCon_Signal_Recv_Time_Cnt
     006C 02rr                      1-  365     	CLRR	(_TeleCon_Signal_Recv_Time_Cnt + 1)
                                    1-  366     	.line	135, "Telecontrol.c"; 	TeleCon_Check_Code           = 0;
                                    1-  367     	BANKSEL	_TeleCon_Check_Code
     006D rrrr                      3-  109 m1      .banksel ram_address
     006E 02rr                      1-  368     	CLRR	_TeleCon_Check_Code
                                    1-  369     	.line	136, "Telecontrol.c"; 	TeleCon_Data_Code            = 0xFF;
     006F 21FF                      1-  370     	MOVIA	0xff
                                    1-  371     	BANKSEL	_TeleCon_Data_Code
     0070 rrrr                      3-  109 m1      .banksel ram_address
     0071 00rr                      1-  372     	MOVAR	_TeleCon_Data_Code
                                    1-  373     	MGOTO	_02143_DS_
     0072 3rrr                      3-   62 m1      LGOTO rom_address
     0073                           1-  374     _02133_DS_:
                                    1-  375     	.line	138, "Telecontrol.c"; 	else if (TeleCon_Data_Code == S1_Power_Off_Code)
                                    1-  376     	BANKSEL	_TeleCon_Data_Code
     0073 rrrr                      3-  109 m1      .banksel ram_address
     0074 01rr                      1-  377     	MOVR	_TeleCon_Data_Code,W
     0075 245A                      1-  378     	XORIA	0x5a
     0076 0903                      1-  379     	BTRSS	STATUS,2
                                    1-  380     	MGOTO	_02143_DS_
     0077 3rrr                      3-   62 m1      LGOTO rom_address
                                    1-  381     	.line	140, "Telecontrol.c"; 	Signal_Recv_Time_FLAG        = 1;
                                    1-  382     	BANKSEL	_Sys_Flag2
     0078 rrrr                      3-  109 m1      .banksel ram_address
     0079 19rr                      1-  383     	BSR	_Sys_Flag2,3
                                    1-  384     	.line	141, "Telecontrol.c"; 	TeleCon_Signal_Recv_Time_Cnt = 0;
                                    1-  385     	BANKSEL	_TeleCon_Signal_Recv_Time_Cnt
     007A rrrr                      3-  109 m1      .banksel ram_address
     007B 02rr                      1-  386     	CLRR	_TeleCon_Signal_Recv_Time_Cnt
     007C 02rr                      1-  387     	CLRR	(_TeleCon_Signal_Recv_Time_Cnt + 1)
                                    1-  388     	.line	142, "Telecontrol.c"; 	TeleCon_Check_Code           = 0;
                                    1-  389     	BANKSEL	_TeleCon_Check_Code
     007D rrrr                      3-  109 m1      .banksel ram_address
     007E 02rr                      1-  390     	CLRR	_TeleCon_Check_Code
                                    1-  391     	.line	143, "Telecontrol.c"; 	TeleCon_Data_Code            = 0xFF;
     007F 21FF                      1-  392     	MOVIA	0xff
                                    1-  393     	BANKSEL	_TeleCon_Data_Code
     0080 rrrr                      3-  109 m1      .banksel ram_address
     0081 00rr                      1-  394     	MOVAR	_TeleCon_Data_Code
                                    1-  395     	.line	144, "Telecontrol.c"; 	StandBy_Mode();
                                    1-  396     	MCALL	_StandBy_Mode
     0082 2rrr                      3-   65 m1      LCALL rom_address
     0083                           1-  397     _02143_DS_:
                                    1-  398     	.line	148, "Telecontrol.c"; 	}
                                    1-  399     	RETURN	
     0083 0010                      3-   39 m1      ret
                                    1-  400     ; exit point of _TeleCon_Signal_Process
                                    1-  402     ;***
                                    1-  403     ;  pBlock Stats: dbName = C
                                    1-  404     ;***
                                    1-  405     ;has an exit
                                    1-  406     ;; Starting pCode block
                                    1-  407     .segment "code"; module=Telecontrol, function=_TeleCon_Data_Recv
     0000                           1-  409     _TeleCon_Data_Recv:
                                    1-  410     ; 2 exit points
                                    1-  411     ;;signed compare: left < lit(0xB4=180), size=2, mask=ffff
                                    1-  412     	.line	7, "Telecontrol.c"; 	if (TeleCon_Signal_Cnt < Telecontrol_Signal_Recv_Max_Time)
                                    1-  413     	BANKSEL	_TeleCon_Signal_Cnt
     0000 rrrr                      3-  109 m1      .banksel ram_address
     0001 01rr                      1-  414     	MOVR	(_TeleCon_Signal_Cnt + 1),W
     0002 2580                      1-  415     	ADDIA	0x80
     0003 2580                      1-  416     	ADDIA	0x80
     0004 0903                      1-  417     	BTRSS	STATUS,2
                                    1-  418     	MGOTO	_02101_DS_
     0005 3rrr                      3-   62 m1      LGOTO rom_address
     0006 21B4                      1-  419     	MOVIA	0xb4
     0007 04rr                      1-  420     	SUBAR	_TeleCon_Signal_Cnt,W
     0008                           1-  421     _02101_DS_:
     0008 0C03                      1-  422     	BTRSC	STATUS,0
                                    1-  423     	MGOTO	_02006_DS_
     0009 3rrr                      3-   62 m1      LGOTO rom_address
                                    1-  424     	.line	9, "Telecontrol.c"; 	TeleCon_Signal_Cnt++;
                                    1-  425     	BANKSEL	_TeleCon_Signal_Cnt
     000A rrrr                      3-  109 m1      .banksel ram_address
     000B 05rr                      1-  426     	INCR	_TeleCon_Signal_Cnt,F
     000C 0D03                      1-  427     	BTRSC	STATUS,2
     000D 05rr                      1-  428     	INCR	(_TeleCon_Signal_Cnt + 1),F
                                    1-  429     	MGOTO	_02007_DS_
     000E 3rrr                      3-   62 m1      LGOTO rom_address
     000F                           1-  430     _02006_DS_:
                                    1-  431     	.line	13, "Telecontrol.c"; 	TeleCon_Signal_Cnt = 0;
                                    1-  432     	BANKSEL	_TeleCon_Signal_Cnt
     000F rrrr                      3-  109 m1      .banksel ram_address
     0010 02rr                      1-  433     	CLRR	_TeleCon_Signal_Cnt
     0011 02rr                      1-  434     	CLRR	(_TeleCon_Signal_Cnt + 1)
     0012                           1-  435     _02007_DS_:
                                    1-  436     	.line	17, "Telecontrol.c"; 	if (RF_DataIn != TeleCon_Signal_FLAG) // 遥控信号发生变化
     0012 0200                      1-  437     	CLRA	
                                    1-  438     	BANKSEL	_PORTA
     0013 rrrr                      3-  109 m1      .banksel ram_address
     0014 0Frr                      1-  439     	BTRSC	_PORTA,6
     0015 2580                      1-  440     	ADDIA	0x80
                                    1-  441     	BANKSEL	_Sys_Flag2
     0016 rrrr                      3-  109 m1      .banksel ram_address
     0017 0Crr                      1-  442     	BTRSC	_Sys_Flag2,1
     0018 2580                      1-  443     	ADDIA	0x80
     0019 0D03                      1-  444     	BTRSC	STATUS,2
                                    1-  445     	MGOTO	_02039_DS_
     001A 3rrr                      3-   62 m1      LGOTO rom_address
                                    1-  446     	.line	19, "Telecontrol.c"; 	TeleCon_Signal_FLAG = RF_DataIn;
                                    1-  447     	BANKSEL	_PORTA
     001B rrrr                      3-  109 m1      .banksel ram_address
     001C 0Frr                      1-  448     	BTRSC	_PORTA,6
                                    1-  449     	MGOTO	_00002_DS_
     001D 3rrr                      3-   62 m1      LGOTO rom_address
                                    1-  450     	BANKSEL	_Sys_Flag2
     001E rrrr                      3-  109 m1      .banksel ram_address
     001F 1Crr                      1-  451     	BCR	_Sys_Flag2,1
     0020                           1-  452     _00002_DS_:
                                    1-  453     	BANKSEL	_PORTA
     0020 rrrr                      3-  109 m1      .banksel ram_address
     0021 0Brr                      1-  454     	BTRSS	_PORTA,6
                                    1-  455     	MGOTO	_00003_DS_
     0022 3rrr                      3-   62 m1      LGOTO rom_address
                                    1-  456     	BANKSEL	_Sys_Flag2
     0023 rrrr                      3-  109 m1      .banksel ram_address
     0024 18rr                      1-  457     	BSR	_Sys_Flag2,1
     0025                           1-  458     _00003_DS_:
                                    1-  459     	.line	21, "Telecontrol.c"; 	if (TeleCon_Start_Signal_FLAG) // 当遥控信号已经进行接收到起始信号
                                    1-  460     	BANKSEL	_Sys_Flag3
     0025 rrrr                      3-  109 m1      .banksel ram_address
     0026 08rr                      1-  461     	BTRSS	_Sys_Flag3,0
                                    1-  462     	MGOTO	_02035_DS_
     0027 3rrr                      3-   62 m1      LGOTO rom_address
                                    1-  463     	.line	23, "Telecontrol.c"; 	if (!TeleCon_Signal_FLAG)  // 当遥控信号为1
                                    1-  464     	BANKSEL	_Sys_Flag2
     0028 rrrr                      3-  109 m1      .banksel ram_address
     0029 0Crr                      1-  465     	BTRSC	_Sys_Flag2,1
                                    1-  466     	MGOTO	_02025_DS_
     002A 3rrr                      3-   62 m1      LGOTO rom_address
                                    1-  467     	.line	25, "Telecontrol.c"; 	TeleCon_Signal_Save <<= 1; // 左移一位
     002B 1C03                      1-  468     	BCR	STATUS,0
                                    1-  469     	BANKSEL	_TeleCon_Signal_Save
     002C rrrr                      3-  109 m1      .banksel ram_address
     002D 14rr                      1-  470     	RLR	_TeleCon_Signal_Save,F
                                    1-  471     	.line	26, "Telecontrol.c"; 	TeleCon_Signal_Sbit_Cnt++; // __sbit计数器++
                                    1-  472     	BANKSEL	_TeleCon_Signal_Sbit_Cnt
     002E rrrr                      3-  109 m1      .banksel ram_address
     002F 05rr                      1-  473     	INCR	_TeleCon_Signal_Sbit_Cnt,F
                                    1-  474     ;;signed compare: left < lit(0x3=3), size=2, mask=ffff
                                    1-  475     	.line	27, "Telecontrol.c"; 	if (TeleCon_Signal_Cnt >= Telecontrol_Signal1_Min_Time && TeleCon_Signal_Cnt <= Telecontrol_Signal1_Max_Time) // 通过判断1之前的信号0的输入时间来判断是否为1
                                    1-  476     	BANKSEL	_TeleCon_Signal_Cnt
     0030 rrrr                      3-  109 m1      .banksel ram_address
     0031 01rr                      1-  477     	MOVR	(_TeleCon_Signal_Cnt + 1),W
     0032 2580                      1-  478     	ADDIA	0x80
     0033 2580                      1-  479     	ADDIA	0x80
     0034 0903                      1-  480     	BTRSS	STATUS,2
                                    1-  481     	MGOTO	_02103_DS_
     0035 3rrr                      3-   62 m1      LGOTO rom_address
     0036 2103                      1-  482     	MOVIA	0x03
     0037 04rr                      1-  483     	SUBAR	_TeleCon_Signal_Cnt,W
     0038                           1-  484     _02103_DS_:
     0038 0803                      1-  485     	BTRSS	STATUS,0
                                    1-  486     	MGOTO	_02013_DS_
     0039 3rrr                      3-   62 m1      LGOTO rom_address
                                    1-  487     ;;swapping arguments (AOP_TYPEs 1/3)
                                    1-  488     ;;signed compare: left >= lit(0x6=6), size=2, mask=ffff
                                    1-  489     	BANKSEL	_TeleCon_Signal_Cnt
     003A rrrr                      3-  109 m1      .banksel ram_address
     003B 01rr                      1-  490     	MOVR	(_TeleCon_Signal_Cnt + 1),W
     003C 2580                      1-  491     	ADDIA	0x80
     003D 2580                      1-  492     	ADDIA	0x80
     003E 0903                      1-  493     	BTRSS	STATUS,2
                                    1-  494     	MGOTO	_02104_DS_
     003F 3rrr                      3-   62 m1      LGOTO rom_address
     0040 2106                      1-  495     	MOVIA	0x06
     0041 04rr                      1-  496     	SUBAR	_TeleCon_Signal_Cnt,W
     0042                           1-  497     _02104_DS_:
     0042 0803                      1-  498     	BTRSS	STATUS,0
                                    1-  499     	MGOTO	_02014_DS_
     0043 3rrr                      3-   62 m1      LGOTO rom_address
                                    1-  500     ;;signed compare: left < lit(0x9=9), size=2, mask=ffff
     0044                           1-  501     _02013_DS_:
                                    1-  502     	.line	31, "Telecontrol.c"; 	else if (TeleCon_Signal_Cnt >= Telecontrol_Signal0_Min_Time && TeleCon_Signal_Cnt <= Telecontrol_Signal0_Max_Time) // 通过判断1之前的信号0的输入时间来判断是否为0)
                                    1-  503     	BANKSEL	_TeleCon_Signal_Cnt
     0044 rrrr                      3-  109 m1      .banksel ram_address
     0045 01rr                      1-  504     	MOVR	(_TeleCon_Signal_Cnt + 1),W
     0046 2580                      1-  505     	ADDIA	0x80
     0047 2580                      1-  506     	ADDIA	0x80
     0048 0903                      1-  507     	BTRSS	STATUS,2
                                    1-  508     	MGOTO	_02105_DS_
     0049 3rrr                      3-   62 m1      LGOTO rom_address
     004A 2109                      1-  509     	MOVIA	0x09
     004B 04rr                      1-  510     	SUBAR	_TeleCon_Signal_Cnt,W
     004C                           1-  511     _02105_DS_:
     004C 0803                      1-  512     	BTRSS	STATUS,0
                                    1-  513     	MGOTO	_02009_DS_
     004D 3rrr                      3-   62 m1      LGOTO rom_address
                                    1-  514     ;;swapping arguments (AOP_TYPEs 1/3)
                                    1-  515     ;;signed compare: left >= lit(0xF=15), size=2, mask=ffff
                                    1-  516     	BANKSEL	_TeleCon_Signal_Cnt
     004E rrrr                      3-  109 m1      .banksel ram_address
     004F 01rr                      1-  517     	MOVR	(_TeleCon_Signal_Cnt + 1),W
     0050 2580                      1-  518     	ADDIA	0x80
     0051 2580                      1-  519     	ADDIA	0x80
     0052 0903                      1-  520     	BTRSS	STATUS,2
                                    1-  521     	MGOTO	_02106_DS_
     0053 3rrr                      3-   62 m1      LGOTO rom_address
     0054 210F                      1-  522     	MOVIA	0x0f
     0055 04rr                      1-  523     	SUBAR	_TeleCon_Signal_Cnt,W
     0056                           1-  524     _02106_DS_:
     0056 0C03                      1-  525     	BTRSC	STATUS,0
                                    1-  526     	MGOTO	_02009_DS_
     0057 3rrr                      3-   62 m1      LGOTO rom_address
                                    1-  527     	.line	34, "Telecontrol.c"; 	++TeleCon_Signal_Save; // 是信号1,则最低为加1
                                    1-  528     	BANKSEL	_TeleCon_Signal_Save
     0058 rrrr                      3-  109 m1      .banksel ram_address
     0059 05rr                      1-  529     	INCR	_TeleCon_Signal_Save,F
                                    1-  530     	MGOTO	_02014_DS_
     005A 3rrr                      3-   62 m1      LGOTO rom_address
     005B                           1-  531     _02009_DS_:
                                    1-  532     	.line	38, "Telecontrol.c"; 	TeleCon_Signal_Sbit_Cnt   = 0; // 清空__sbit计数器
                                    1-  533     	BANKSEL	_TeleCon_Signal_Sbit_Cnt
     005B rrrr                      3-  109 m1      .banksel ram_address
     005C 02rr                      1-  534     	CLRR	_TeleCon_Signal_Sbit_Cnt
                                    1-  535     	.line	39, "Telecontrol.c"; 	TeleCon_Start_Signal_FLAG = 0; // 清空起始信号标志位 等待重新开始接收
                                    1-  536     	BANKSEL	_Sys_Flag3
     005D rrrr                      3-  109 m1      .banksel ram_address
     005E 1Crr                      1-  537     	BCR	_Sys_Flag3,0
                                    1-  538     	.line	40, "Telecontrol.c"; 	TeleCon_Clear_FLAG        = 0;
     005F 1Frr                      1-  539     	BCR	_Sys_Flag3,6
     0060                           1-  540     _02014_DS_:
                                    1-  541     	.line	43, "Telecontrol.c"; 	if (TeleCon_Signal_Sbit_Cnt == 8) // 8位数据接收完毕
                                    1-  542     	BANKSEL	_TeleCon_Signal_Sbit_Cnt
     0060 rrrr                      3-  109 m1      .banksel ram_address
     0061 01rr                      1-  543     	MOVR	_TeleCon_Signal_Sbit_Cnt,W
     0062 2408                      1-  544     	XORIA	0x08
     0063 0903                      1-  545     	BTRSS	STATUS,2
                                    1-  546     	MGOTO	_02019_DS_
     0064 3rrr                      3-   62 m1      LGOTO rom_address
                                    1-  547     	.line	45, "Telecontrol.c"; 	TeleCon_8Bit_Check_Code_Geted_FLAG = 1;                   // 8位数据校验码获取完成标志位置一
                                    1-  548     	BANKSEL	_Sys_Flag3
     0065 rrrr                      3-  109 m1      .banksel ram_address
     0066 19rr                      1-  549     	BSR	_Sys_Flag3,2
                                    1-  550     	.line	46, "Telecontrol.c"; 	Analyze_Save1                      = TeleCon_Signal_Save; // 获取校验数据
                                    1-  551     	BANKSEL	_TeleCon_Signal_Save
     0067 rrrr                      3-  109 m1      .banksel ram_address
     0068 01rr                      1-  552     	MOVR	_TeleCon_Signal_Save,W
                                    1-  553     	BANKSEL	_Analyze_Save1
     0069 rrrr                      3-  109 m1      .banksel ram_address
     006A 00rr                      1-  554     	MOVAR	_Analyze_Save1
                                    1-  555     	MGOTO	_02026_DS_
     006B 3rrr                      3-   62 m1      LGOTO rom_address
     006C                           1-  556     _02019_DS_:
                                    1-  557     	.line	48, "Telecontrol.c"; 	else if (TeleCon_Signal_Sbit_Cnt == 16) //16位数据接收完毕
                                    1-  558     	BANKSEL	_TeleCon_Signal_Sbit_Cnt
     006C rrrr                      3-  109 m1      .banksel ram_address
     006D 01rr                      1-  559     	MOVR	_TeleCon_Signal_Sbit_Cnt,W
     006E 2410                      1-  560     	XORIA	0x10
     006F 0903                      1-  561     	BTRSS	STATUS,2
                                    1-  562     	MGOTO	_02026_DS_
     0070 3rrr                      3-   62 m1      LGOTO rom_address
                                    1-  563     	.line	50, "Telecontrol.c"; 	TeleCon_8to16Bit_Data_Geted_FLAG = 1;                   // 16位数据获取完成标志位置一
                                    1-  564     	BANKSEL	_Sys_Flag3
     0071 rrrr                      3-  109 m1      .banksel ram_address
     0072 19rr                      1-  565     	BSR	_Sys_Flag3,3
                                    1-  566     	.line	51, "Telecontrol.c"; 	Analyze_Save2                    = TeleCon_Signal_Save; // 获取遥控码数据
                                    1-  567     	BANKSEL	_TeleCon_Signal_Save
     0073 rrrr                      3-  109 m1      .banksel ram_address
     0074 01rr                      1-  568     	MOVR	_TeleCon_Signal_Save,W
                                    1-  569     	BANKSEL	_Analyze_Save2
     0075 rrrr                      3-  109 m1      .banksel ram_address
     0076 00rr                      1-  570     	MOVAR	_Analyze_Save2
                                    1-  571     	.line	52, "Telecontrol.c"; 	TeleCon_Start_Signal_FLAG        = 0;                   // 清空起始信号标志位 等待重新开始接收
                                    1-  572     	BANKSEL	_Sys_Flag3
     0077 rrrr                      3-  109 m1      .banksel ram_address
     0078 1Crr                      1-  573     	BCR	_Sys_Flag3,0
                                    1-  574     	.line	53, "Telecontrol.c"; 	TeleCon_Clear_FLAG               = 0;
     0079 1Frr                      1-  575     	BCR	_Sys_Flag3,6
                                    1-  576     	MGOTO	_02026_DS_
     007A 3rrr                      3-   62 m1      LGOTO rom_address
                                    1-  577     ;;signed compare: left < lit(0x30=48), size=2, mask=ffff
     007B                           1-  578     _02025_DS_:
                                    1-  579     	.line	57, "Telecontrol.c"; 	else if (TeleCon_Signal_Cnt >= Telecontrol_Guide_Signal_Min_Time && TeleCon_Signal_Cnt <= Telecontrol_Guide_Signal_Max_Time) // 通过判断1之前的信号0的输入时间来判断是否为引导信号
                                    1-  580     	BANKSEL	_TeleCon_Signal_Cnt
     007B rrrr                      3-  109 m1      .banksel ram_address
     007C 01rr                      1-  581     	MOVR	(_TeleCon_Signal_Cnt + 1),W
     007D 2580                      1-  582     	ADDIA	0x80
     007E 2580                      1-  583     	ADDIA	0x80
     007F 0903                      1-  584     	BTRSS	STATUS,2
                                    1-  585     	MGOTO	_02107_DS_
     0080 3rrr                      3-   62 m1      LGOTO rom_address
     0081 2130                      1-  586     	MOVIA	0x30
     0082 04rr                      1-  587     	SUBAR	_TeleCon_Signal_Cnt,W
     0083                           1-  588     _02107_DS_:
     0083 0803                      1-  589     	BTRSS	STATUS,0
                                    1-  590     	MGOTO	_02026_DS_
     0084 3rrr                      3-   62 m1      LGOTO rom_address
                                    1-  591     ;;swapping arguments (AOP_TYPEs 1/3)
                                    1-  592     ;;signed compare: left >= lit(0x49=73), size=2, mask=ffff
                                    1-  593     	BANKSEL	_TeleCon_Signal_Cnt
     0085 rrrr                      3-  109 m1      .banksel ram_address
     0086 01rr                      1-  594     	MOVR	(_TeleCon_Signal_Cnt + 1),W
     0087 2580                      1-  595     	ADDIA	0x80
     0088 2580                      1-  596     	ADDIA	0x80
     0089 0903                      1-  597     	BTRSS	STATUS,2
                                    1-  598     	MGOTO	_02108_DS_
     008A 3rrr                      3-   62 m1      LGOTO rom_address
     008B 2149                      1-  599     	MOVIA	0x49
     008C 04rr                      1-  600     	SUBAR	_TeleCon_Signal_Cnt,W
     008D                           1-  601     _02108_DS_:
     008D 0C03                      1-  602     	BTRSC	STATUS,0
                                    1-  603     	MGOTO	_02026_DS_
     008E 3rrr                      3-   62 m1      LGOTO rom_address
                                    1-  604     	.line	59, "Telecontrol.c"; 	TeleCon_Signal_Sbit_Cnt = 0; // 清空__sbit计数器 重新开始接收
                                    1-  605     	BANKSEL	_TeleCon_Signal_Sbit_Cnt
     008F rrrr                      3-  109 m1      .banksel ram_address
     0090 02rr                      1-  606     	CLRR	_TeleCon_Signal_Sbit_Cnt
     0091                           1-  607     _02026_DS_:
                                    1-  608     	.line	61, "Telecontrol.c"; 	TeleCon_Signal_Cnt = 0; // 如果接收到的信号发生变化并且不为1则清空计数器从零开始
                                    1-  609     	BANKSEL	_TeleCon_Signal_Cnt
     0091 rrrr                      3-  109 m1      .banksel ram_address
     0092 02rr                      1-  610     	CLRR	_TeleCon_Signal_Cnt
     0093 02rr                      1-  611     	CLRR	(_TeleCon_Signal_Cnt + 1)
                                    1-  612     	MGOTO	_02039_DS_
     0094 3rrr                      3-   62 m1      LGOTO rom_address
     0095                           1-  613     _02035_DS_:
                                    1-  614     	.line	65, "Telecontrol.c"; 	if (TeleCon_Signal_FLAG == 0) // 如果接收到的信号为0
                                    1-  615     	BANKSEL	_Sys_Flag2
     0095 rrrr                      3-  109 m1      .banksel ram_address
     0096 0Crr                      1-  616     	BTRSC	_Sys_Flag2,1
                                    1-  617     	MGOTO	_02039_DS_
     0097 3rrr                      3-   62 m1      LGOTO rom_address
                                    1-  618     	.line	67, "Telecontrol.c"; 	if (!TeleCon_Clear_FLAG) 
                                    1-  619     	BANKSEL	_Sys_Flag3
     0098 rrrr                      3-  109 m1      .banksel ram_address
     0099 0Frr                      1-  620     	BTRSC	_Sys_Flag3,6
                                    1-  621     	MGOTO	_02028_DS_
     009A 3rrr                      3-   62 m1      LGOTO rom_address
                                    1-  622     	.line	69, "Telecontrol.c"; 	TeleCon_Signal_Cnt = 0; // 清空计数器
                                    1-  623     	BANKSEL	_TeleCon_Signal_Cnt
     009B rrrr                      3-  109 m1      .banksel ram_address
     009C 02rr                      1-  624     	CLRR	_TeleCon_Signal_Cnt
     009D 02rr                      1-  625     	CLRR	(_TeleCon_Signal_Cnt + 1)
     009E                           1-  626     _02028_DS_:
                                    1-  627     	.line	71, "Telecontrol.c"; 	TeleCon_Clear_FLAG = 1;
                                    1-  628     	BANKSEL	_Sys_Flag3
     009E rrrr                      3-  109 m1      .banksel ram_address
     009F 1Brr                      1-  629     	BSR	_Sys_Flag3,6
                                    1-  630     ;;signed compare: left < lit(0x30=48), size=2, mask=ffff
                                    1-  631     	.line	72, "Telecontrol.c"; 	if (TeleCon_Signal_Cnt >= Telecontrol_Guide_Signal_Min_Time && TeleCon_Signal_Cnt <= Telecontrol_Guide_Signal_Max_Time) // 通过判断1之前的信号0的输入时间来判断是否为引导信号
                                    1-  632     	BANKSEL	_TeleCon_Signal_Cnt
     00A0 rrrr                      3-  109 m1      .banksel ram_address
     00A1 01rr                      1-  633     	MOVR	(_TeleCon_Signal_Cnt + 1),W
     00A2 2580                      1-  634     	ADDIA	0x80
     00A3 2580                      1-  635     	ADDIA	0x80
     00A4 0903                      1-  636     	BTRSS	STATUS,2
                                    1-  637     	MGOTO	_02109_DS_
     00A5 3rrr                      3-   62 m1      LGOTO rom_address
     00A6 2130                      1-  638     	MOVIA	0x30
     00A7 04rr                      1-  639     	SUBAR	_TeleCon_Signal_Cnt,W
     00A8                           1-  640     _02109_DS_:
     00A8 0803                      1-  641     	BTRSS	STATUS,0
                                    1-  642     	MGOTO	_02030_DS_
     00A9 3rrr                      3-   62 m1      LGOTO rom_address
                                    1-  643     ;;swapping arguments (AOP_TYPEs 1/3)
                                    1-  644     ;;signed compare: left >= lit(0x49=73), size=2, mask=ffff
                                    1-  645     	BANKSEL	_TeleCon_Signal_Cnt
     00AA rrrr                      3-  109 m1      .banksel ram_address
     00AB 01rr                      1-  646     	MOVR	(_TeleCon_Signal_Cnt + 1),W
     00AC 2580                      1-  647     	ADDIA	0x80
     00AD 2580                      1-  648     	ADDIA	0x80
     00AE 0903                      1-  649     	BTRSS	STATUS,2
                                    1-  650     	MGOTO	_02110_DS_
     00AF 3rrr                      3-   62 m1      LGOTO rom_address
     00B0 2149                      1-  651     	MOVIA	0x49
     00B1 04rr                      1-  652     	SUBAR	_TeleCon_Signal_Cnt,W
     00B2                           1-  653     _02110_DS_:
     00B2 0C03                      1-  654     	BTRSC	STATUS,0
                                    1-  655     	MGOTO	_02030_DS_
     00B3 3rrr                      3-   62 m1      LGOTO rom_address
                                    1-  656     	.line	74, "Telecontrol.c"; 	TeleCon_Start_Signal_FLAG = 1; // 设置起始信号标志位 开始接收
                                    1-  657     	BANKSEL	_Sys_Flag3
     00B4 rrrr                      3-  109 m1      .banksel ram_address
     00B5 18rr                      1-  658     	BSR	_Sys_Flag3,0
                                    1-  659     	.line	75, "Telecontrol.c"; 	TeleCon_Signal_Cnt        = 0; // 清空计数器
                                    1-  660     	BANKSEL	_TeleCon_Signal_Cnt
     00B6 rrrr                      3-  109 m1      .banksel ram_address
     00B7 02rr                      1-  661     	CLRR	_TeleCon_Signal_Cnt
     00B8 02rr                      1-  662     	CLRR	(_TeleCon_Signal_Cnt + 1)
     00B9                           1-  663     _02030_DS_:
                                    1-  664     	.line	77, "Telecontrol.c"; 	TeleCon_Signal_Sbit_Cnt = 0; //清空__sbit计数器
                                    1-  665     	BANKSEL	_TeleCon_Signal_Sbit_Cnt
     00B9 rrrr                      3-  109 m1      .banksel ram_address
     00BA 02rr                      1-  666     	CLRR	_TeleCon_Signal_Sbit_Cnt
                                    1-  667     	.line	78, "Telecontrol.c"; 	TeleCon_Signal_Cnt      = 0;
                                    1-  668     	BANKSEL	_TeleCon_Signal_Cnt
     00BB rrrr                      3-  109 m1      .banksel ram_address
     00BC 02rr                      1-  669     	CLRR	_TeleCon_Signal_Cnt
     00BD 02rr                      1-  670     	CLRR	(_TeleCon_Signal_Cnt + 1)
     00BE                           1-  671     _02039_DS_:
                                    1-  672     	.line	82, "Telecontrol.c"; 	}
                                    1-  673     	RETURN	
     00BE 0010                      3-   39 m1      ret
                                    1-  674     ; exit point of _TeleCon_Data_Recv
                                    1-  677     ;	code size estimation:
                                    1-  678     ;	  249+   74 =   323 instructions (  794 byte)
                                    1-  680     	end

SYMBOL TABLE            TYPE     VALUE
__pin_count__           Constant 0000000E
__processor__           Constant 00800544
C                       Constant 00000000
DC                      Constant 00000001
ENABLE_RAM_BANK         Constant 00000001
F                       Constant 00000001
FSR                     Constant 00000004
INDF                    Constant 00000000
PCHBUF                  Constant 0000000A
PCL                     Constant 00000002
STATUS                  Constant 00000003
USEFGOTO                Constant 00000000
W                       Constant 00000000
Z                       Constant 00000002


SOURCE FILE TABLE
001 OBJ/Telecontrol.s
002 ny8a054e.inc
003 common.inc
004 Telecontrol.c

PROCESSOR    = NY8A054E (8 bits)
PROGRAM ROM  = 0x00000000 - 0x000007FF
DATA ROM     = 0x00000000 - 0x000007FF
SRAM / SFR   = 0x00000000 - 0x00000000
